#
# A fatal error has been detected by the Java Runtime Environment:
#
#  SIGSEGV (0xb) at pc=0x00007fff9176ae48, pid=3130, tid=61723
#
# JRE version: Java(TM) SE Runtime Environment (7.0_60-b19) (build 1.7.0_60-b19)
# Java VM: Java HotSpot(TM) 64-Bit Server VM (24.60-b09 mixed mode bsd-amd64 compressed oops)
# Problematic frame:
# C  [libGL.dylib+0xe48]  glClearDepth+0xd
#
# Failed to write core dump. Core dumps have been disabled. To enable core dumping, try "ulimit -c unlimited" before starting Java again
#
# If you would like to submit a bug report, please visit:
#   http://bugreport.sun.com/bugreport/crash.jsp
# The crash happened outside the Java Virtual Machine in native code.
# See problematic frame for where to report the bug.
#

---------------  T H R E A D  ---------------

Current thread (0x00007fe005a62800):  JavaThread "Thread-5" [_thread_in_native, id=61723, stack(0x000000011c70f000,0x000000011c80f000)]

siginfo:si_signo=SIGSEGV: si_errno=0, si_code=1 (SEGV_MAPERR), si_addr=0x0000000000000000

Registers:
RAX=0x0000000000000000, RBX=0x000000077b91a3e8, RCX=0x0000000000000049, RDX=0x00007fff9176ae3b
RSP=0x000000011c80e5b0, RBP=0x000000011c80e5b0, RSI=0x000000011c80e6b0, RDI=0x00007fe005a629e8
R8 =0x0000000040000000, R9 =0x000000000000002e, R10=0x000000010287172c, R11=0x0000000102275b7b
R12=0x0000000000000000, R13=0x000000077b91a3e8, R14=0x000000011c80e6b0, R15=0x00007fe005a62800
RIP=0x00007fff9176ae48, EFLAGS=0x0000000000010206, ERR=0x0000000000000004
  TRAPNO=0x000000000000000e

Top of Stack: (sp=0x000000011c80e5b0)
0x000000011c80e5b0:   000000011c80e5f0 0000000113d079ac
0x000000011c80e5c0:   000000011c80e5e0 00007fff9176ae3b
0x000000011c80e5d0:   00007fff9176ae3b 3ff0000000000000
0x000000011c80e5e0:   000000011c80e6b0 00007fe005a629e8
0x000000011c80e5f0:   000000011c80e670 0000000102871758
0x000000011c80e600:   000000011c80e620 000000010080e650
0x000000011c80e610:   000000011c80e650 000000077af0ffd0
0x000000011c80e620:   00007fe005a62800 00007fe005a62800
0x000000011c80e630:   000000011c80e630 0000000000000000
0x000000011c80e640:   000000011c80e6b0 000000077ba899e8
0x000000011c80e650:   0000000000000000 000000077b91a3e8
0x000000011c80e660:   0000000000000000 000000011c80e690
0x000000011c80e670:   000000011c80e6f8 0000000102865058
0x000000011c80e680:   0000000000000000 000000010286dcd8
0x000000011c80e690:   00007fff9176ae3b 0000000102865058
0x000000011c80e6a0:   3ff0000000000000 00007fff9176ae3b
0x000000011c80e6b0:   00000007d5b52f50 000000011c80e6b8
0x000000011c80e6c0:   000000077b91a317 000000011c80e728
0x000000011c80e6d0:   000000077ba899e8 0000000000000000
0x000000011c80e6e0:   000000077b91a328 000000011c80e690
0x000000011c80e6f0:   000000011c80e718 000000011c80e770
0x000000011c80e700:   0000000102865706 00007fff9176ae3b
0x000000011c80e710:   0000000000000000 3ff0000000000000
0x000000011c80e720:   0000000000000000 00000007d5b52f50
0x000000011c80e730:   000000011c80e730 000000077b3c998e
0x000000011c80e740:   000000011c80e788 000000077b4254e0
0x000000011c80e750:   0000000000000000 000000077b3c99b8
0x000000011c80e760:   000000011c80e718 000000011c80e780
0x000000011c80e770:   000000011c80e7d0 0000000102865058
0x000000011c80e780:   000000073f800000 00000007d652d778
0x000000011c80e790:   000000011c80e790 000000077b3a47d7
0x000000011c80e7a0:   000000011c80e808 000000077b41dec0 

Instructions: (pc=0x00007fff9176ae48)
0x00007fff9176ae28:   65 48 8b 04 25 f0 00 00 00 48 8b 38 48 8b 40 68
0x00007fff9176ae38:   5d ff e0 55 48 89 e5 65 48 8b 04 25 f0 00 00 00
0x00007fff9176ae48:   48 8b 38 48 8b 40 70 5d ff e0 55 48 89 e5 65 48
0x00007fff9176ae58:   8b 04 25 f0 00 00 00 48 8b 38 48 8b 40 78 5d ff 

Register to memory mapping:

RAX=0x0000000000000000 is an unknown value
RBX=0x000000077b91a3e8 is an oop
{method} 
 - klass: {other class}
RCX=0x0000000000000049 is an unknown value
RDX=0x00007fff9176ae3b: glClearDepth+0 in /System/Library/Frameworks/OpenGL.framework/Versions/A/Libraries/libGL.dylib at 0x00007fff9176a000
RSP=0x000000011c80e5b0 is pointing into the stack for thread: 0x00007fe005a62800
RBP=0x000000011c80e5b0 is pointing into the stack for thread: 0x00007fe005a62800
RSI=0x000000011c80e6b0 is pointing into the stack for thread: 0x00007fe005a62800
RDI=0x00007fe005a629e8 is an unknown value
R8 =0x0000000040000000 is an unknown value
R9 =0x000000000000002e is an unknown value
R10=0x000000010287172c is at code_begin+620 in an Interpreter codelet
method entry point (kind = native)  [0x00000001028714c0, 0x0000000102871d00]  2112 bytes
R11=0x0000000102275b7b: throw_unsatisfied_link_error+0 in /Library/Java/JavaVirtualMachines/jdk1.7.0_60.jdk/Contents/Home/jre/lib/server/libjvm.dylib at 0x0000000101e00000
R12=0x0000000000000000 is an unknown value
R13=0x000000077b91a3e8 is an oop
{method} 
 - klass: {other class}
R14=0x000000011c80e6b0 is pointing into the stack for thread: 0x00007fe005a62800
R15=0x00007fe005a62800 is a thread


Stack: [0x000000011c70f000,0x000000011c80f000],  sp=0x000000011c80e5b0,  free space=1021k
Native frames: (J=compiled Java code, j=interpreted, Vv=VM code, C=native code)
C  [libGL.dylib+0xe48]  glClearDepth+0xd
C  [libjogl_desktop.jnilib+0x1c9ac]  Java_jogamp_opengl_gl4_GL4bcImpl_dispatch_1glClearDepth1__DJ+0x2c
j  jogamp.opengl.gl4.GL4bcImpl.dispatch_glClearDepth1(DJ)V+0
j  jogamp.opengl.gl4.GL4bcImpl.glClearDepth(D)V+39
j  processing.opengl.PJOGL.clearDepth(F)V+6
j  processing.opengl.PGL.clearBackground(FFFFZ)V+7
j  processing.opengl.PGraphicsOpenGL.backgroundImpl()V+38
j  processing.core.PGraphics.backgroundFromCalc()V+119
j  processing.core.PGraphics.background(I)V+6
j  examples.GraphicsMaker.makeGraphic()V+13
j  examples.GraphicsMaker.run()V+1
j  java.lang.Thread.run()V+11
v  ~StubRoutines::call_stub
V  [libjvm.dylib+0x2db350]
V  [libjvm.dylib+0x2db867]
V  [libjvm.dylib+0x2db9a4]
V  [libjvm.dylib+0x32a876]
V  [libjvm.dylib+0x4f5c11]
V  [libjvm.dylib+0x4f7319]
V  [libjvm.dylib+0x420b4e]
C  [libsystem_pthread.dylib+0x405a]  _pthread_body+0x83
C  [libsystem_pthread.dylib+0x3fd7]  _pthread_body+0x0
C  [libsystem_pthread.dylib+0x13ed]  thread_start+0xd

Java frames: (J=compiled Java code, j=interpreted, Vv=VM code)
j  jogamp.opengl.gl4.GL4bcImpl.dispatch_glClearDepth1(DJ)V+0
j  jogamp.opengl.gl4.GL4bcImpl.glClearDepth(D)V+39
j  processing.opengl.PJOGL.clearDepth(F)V+6
j  processing.opengl.PGL.clearBackground(FFFFZ)V+7
j  processing.opengl.PGraphicsOpenGL.backgroundImpl()V+38
j  processing.core.PGraphics.backgroundFromCalc()V+119
j  processing.core.PGraphics.background(I)V+6
j  examples.GraphicsMaker.makeGraphic()V+13
j  examples.GraphicsMaker.run()V+1
j  java.lang.Thread.run()V+11
v  ~StubRoutines::call_stub

---------------  P R O C E S S  ---------------

Java Threads: ( => current thread )
=>0x00007fe005a62800 JavaThread "Thread-5" [_thread_in_native, id=61723, stack(0x000000011c70f000,0x000000011c80f000)]
  0x00007fe004382800 JavaThread "Animation Thread" [_thread_in_native, id=60195, stack(0x0000000116a85000,0x0000000116b85000)]
  0x00007fe00525e000 JavaThread "AWT-EventQueue-0" [_thread_blocked, id=59911, stack(0x00000001166db000,0x00000001167db000)]
  0x00007fe0053cd800 JavaThread "AWT-Shutdown" [_thread_blocked, id=56079, stack(0x0000000115671000,0x0000000115771000)]
  0x00007fe005a67800 JavaThread "Image Fetcher 0" daemon [_thread_blocked, id=51223, stack(0x000000011546d000,0x000000011556d000)]
  0x00007fe0040bf800 JavaThread "DestroyJavaVM" [_thread_blocked, id=4867, stack(0x0000000101493000,0x0000000101593000)]
  0x00007fe00517a000 JavaThread "main-FPSAWTAnimator#00-Timer0" [_thread_in_Java, id=52747, stack(0x00000001144d2000,0x00000001145d2000)]
  0x00007fe0040bf000 JavaThread "Thread-2" [_thread_blocked, id=49183, stack(0x00000001143cf000,0x00000001144cf000)]
  0x00007fe0059a2000 JavaThread "main-Display-.macosx_nil-1-EDT-1" daemon [_thread_blocked, id=36615, stack(0x00000001141c9000,0x00000001142c9000)]
  0x00007fe005906000 JavaThread "Java2D Disposer" daemon [_thread_blocked, id=50711, stack(0x00000001136b5000,0x00000001137b5000)]
  0x00007fe005107800 JavaThread "Java2D Queue Flusher" daemon [_thread_blocked, id=27927, stack(0x000000010fcd0000,0x000000010fdd0000)]
  0x00007fe0050c6800 JavaThread "AWT-AppKit" daemon [_thread_in_native, id=1811, stack(0x00007fff5e803000,0x00007fff5e883000)]
  0x00007fe005045800 JavaThread "Service Thread" daemon [_thread_blocked, id=17667, stack(0x000000010dcfa000,0x000000010ddfa000)]
  0x00007fe005044800 JavaThread "C2 CompilerThread1" daemon [_thread_blocked, id=17155, stack(0x000000010dbf7000,0x000000010dcf7000)]
  0x00007fe004806000 JavaThread "C2 CompilerThread0" daemon [_thread_blocked, id=16643, stack(0x000000010daf4000,0x000000010dbf4000)]
  0x00007fe005043000 JavaThread "Signal Dispatcher" daemon [_thread_blocked, id=13335, stack(0x000000010d9f1000,0x000000010daf1000)]
  0x00007fe00502f000 JavaThread "Finalizer" daemon [_thread_blocked, id=11523, stack(0x000000010bfca000,0x000000010c0ca000)]
  0x00007fe004009800 JavaThread "Reference Handler" daemon [_thread_blocked, id=11011, stack(0x000000010bec7000,0x000000010bfc7000)]

Other Threads:
  0x00007fe00502c800 VMThread [stack: 0x000000010bdc4000,0x000000010bec4000] [id=10499]
  0x00007fe00400a800 WatcherThread [stack: 0x000000010ddfd000,0x000000010defd000] [id=18179]

VM state:not at safepoint (normal execution)

VM Mutex/Monitor currently owned by a thread: None

Heap
 PSYoungGen      total 38912K, used 34755K [0x00000007d5500000, 0x00000007d8000000, 0x0000000800000000)
  eden space 33792K, 88% used [0x00000007d5500000,0x00000007d725d830,0x00000007d7600000)
  from space 5120K, 91% used [0x00000007d7600000,0x00000007d7a93768,0x00000007d7b00000)
  to   space 5120K, 0% used [0x00000007d7b00000,0x00000007d7b00000,0x00000007d8000000)
 ParOldGen       total 87040K, used 8K [0x0000000780000000, 0x0000000785500000, 0x00000007d5500000)
  object space 87040K, 0% used [0x0000000780000000,0x0000000780002000,0x0000000785500000)
 PSPermGen       total 21504K, used 19139K [0x000000077ae00000, 0x000000077c300000, 0x0000000780000000)
  object space 21504K, 89% used [0x000000077ae00000,0x000000077c0b0de0,0x000000077c300000)

Card table byte_map: [0x000000010591f000,0x0000000105d49000] byte_map_base: 0x0000000101d48000

Polling page: 0x00000001015d2000

Code Cache  [0x000000010285f000, 0x0000000102acf000, 0x000000010585f000)
 total_blobs=1034 nmethods=179 adapters=809 free_code_cache=48030Kb largest_free_block=49119040

Compilation events (10 events):
Event: 33.706 Thread 0x00007fe005044800 nmethod 171 0x000000010296b350 code [0x000000010296b4c0, 0x000000010296b678]
Event: 33.706 Thread 0x00007fe005044800  174             processing.opengl.PGraphicsOpenGL::screenYImpl (126 bytes)
Event: 33.707 Thread 0x00007fe004806000 nmethod 173 0x000000010295f350 code [0x000000010295f4c0, 0x000000010295f678]
Event: 33.707 Thread 0x00007fe004806000  175             processing.opengl.PGraphicsOpenGL$Tessellator::clamp2D (53 bytes)
Event: 33.707 Thread 0x00007fe005044800 nmethod 174 0x000000010295fd10 code [0x000000010295fe80, 0x000000010295ff78]
Event: 33.707 Thread 0x00007fe005044800  176             processing.opengl.PGraphicsOpenGL$Tessellator::setLastTexIndex (70 bytes)
Event: 33.708 Thread 0x00007fe004806000 nmethod 175 0x000000010296b950 code [0x000000010296baa0, 0x000000010296bb98]
Event: 33.708 Thread 0x00007fe004806000  177             processing.opengl.PGraphicsOpenGL$TexCache::setLastIndex (25 bytes)
Event: 33.708 Thread 0x00007fe004806000 nmethod 177 0x000000010295f9d0 code [0x000000010295fb20, 0x000000010295fc18]
Event: 33.709 Thread 0x00007fe005044800 nmethod 176 0x000000010295ee50 code [0x000000010295efa0, 0x000000010295f168]

GC Heap History (2 events):
Event: 23.165 GC heap before
{Heap before GC invocations=1 (full 0):
 PSYoungGen      total 38912K, used 33792K [0x00000007d5500000, 0x00000007d8000000, 0x0000000800000000)
  eden space 33792K, 100% used [0x00000007d5500000,0x00000007d7600000,0x00000007d7600000)
  from space 5120K, 0% used [0x00000007d7b00000,0x00000007d7b00000,0x00000007d8000000)
  to   space 5120K, 0% used [0x00000007d7600000,0x00000007d7600000,0x00000007d7b00000)
 ParOldGen       total 87040K, used 0K [0x0000000780000000, 0x0000000785500000, 0x00000007d5500000)
  object space 87040K, 0% used [0x0000000780000000,0x0000000780000000,0x0000000785500000)
 PSPermGen       total 21504K, used 14545K [0x000000077ae00000, 0x000000077c300000, 0x0000000780000000)
  object space 21504K, 67% used [0x000000077ae00000,0x000000077bc34480,0x000000077c300000)
Event: 23.173 GC heap after
Heap after GC invocations=1 (full 0):
 PSYoungGen      total 38912K, used 4685K [0x00000007d5500000, 0x00000007d8000000, 0x0000000800000000)
  eden space 33792K, 0% used [0x00000007d5500000,0x00000007d5500000,0x00000007d7600000)
  from space 5120K, 91% used [0x00000007d7600000,0x00000007d7a93768,0x00000007d7b00000)
  to   space 5120K, 0% used [0x00000007d7b00000,0x00000007d7b00000,0x00000007d8000000)
 ParOldGen       total 87040K, used 8K [0x0000000780000000, 0x0000000785500000, 0x00000007d5500000)
  object space 87040K, 0% used [0x0000000780000000,0x0000000780002000,0x0000000785500000)
 PSPermGen       total 21504K, used 14545K [0x000000077ae00000, 0x000000077c300000, 0x0000000780000000)
  object space 21504K, 67% used [0x000000077ae00000,0x000000077bc34480,0x000000077c300000)
}

Deoptimization events (6 events):
Event: 19.775 Thread 0x00007fe00500a000 Uncommon trap: reason=unloaded action=reinterpret pc=0x00000001029029b0 method=com.jogamp.opengl.util.PNGPixelRect.read(Ljava/io/InputStream;Lcom/jogamp/nativewindow/util/PixelFormat;ZIZ)Lcom/jogamp/opengl/util/PNGPixelRect; @ 1292
Event: 31.152 Thread 0x00007fe00517a000 Uncommon trap: reason=unreached action=reinterpret pc=0x00000001029309e4 method=java.lang.AbstractStringBuilder.append(Ljava/lang/String;)Ljava/lang/AbstractStringBuilder; @ 1
Event: 31.189 Thread 0x00007fe00517a000 Uncommon trap: reason=unreached action=reinterpret pc=0x000000010292b924 method=java.lang.AbstractStringBuilder.append(Ljava/lang/String;)Ljava/lang/AbstractStringBuilder; @ 1
Event: 31.421 Thread 0x00007fe00517a000 Uncommon trap: reason=unreached action=reinterpret pc=0x000000010290555c method=java.util.HashMap.get(Ljava/lang/Object;)Ljava/lang/Object; @ 1
Event: 33.529 Thread 0x00007fe004382800 Uncommon trap: reason=unreached action=reinterpret pc=0x000000010294e950 method=java.util.HashMap$HashIterator.hasNext()Z @ 4
Event: 33.753 Thread 0x00007fe00517a000 Uncommon trap: reason=unreached action=reinterpret pc=0x000000010297d4e0 method=java.util.HashMap.keySet()Ljava/util/Set; @ 6

Internal exceptions (10 events):
Event: 33.613 Thread 0x00007fe004382800 Threw 0x00000007d66218e0 at /HUDSON/workspace/7u-2-build-macosx-x86_64/jdk7u60/1081/hotspot/src/share/vm/prims/jvm.cpp:1244
Event: 33.613 Thread 0x00007fe004382800 Threw 0x00000007d66287c0 at /HUDSON/workspace/7u-2-build-macosx-x86_64/jdk7u60/1081/hotspot/src/share/vm/prims/jvm.cpp:1244
Event: 33.613 Thread 0x00007fe004382800 Threw 0x00000007d662c6a8 at /HUDSON/workspace/7u-2-build-macosx-x86_64/jdk7u60/1081/hotspot/src/share/vm/prims/jvm.cpp:1244
Event: 33.619 Thread 0x00007fe004382800 Threw 0x00000007d7047a00 at /HUDSON/workspace/7u-2-build-macosx-x86_64/jdk7u60/1081/hotspot/src/share/vm/prims/jvm.cpp:1244
Event: 33.630 Thread 0x00007fe004382800 Threw 0x00000007d70a30f0 at /HUDSON/workspace/7u-2-build-macosx-x86_64/jdk7u60/1081/hotspot/src/share/vm/prims/jvm.cpp:1244
Event: 33.630 Thread 0x00007fe004382800 Threw 0x00000007d70a6c98 at /HUDSON/workspace/7u-2-build-macosx-x86_64/jdk7u60/1081/hotspot/src/share/vm/prims/jvm.cpp:1244
Event: 33.631 Thread 0x00007fe004382800 Threw 0x00000007d70ae1a0 at /HUDSON/workspace/7u-2-build-macosx-x86_64/jdk7u60/1081/hotspot/src/share/vm/prims/jvm.cpp:1244
Event: 33.710 Thread 0x00007fe004382800 Threw 0x00000007d70c4560 at /HUDSON/workspace/7u-2-build-macosx-x86_64/jdk7u60/1081/hotspot/src/share/vm/prims/jvm.cpp:1244
Event: 33.746 Thread 0x00007fe004382800 Threw 0x00000007d7101cc8 at /HUDSON/workspace/7u-2-build-macosx-x86_64/jdk7u60/1081/hotspot/src/share/vm/prims/jvm.cpp:1244
Event: 33.753 Thread 0x00007fe00517a000 Implicit null exception at 0x000000010297cb84 to 0x000000010297d4bd

Events (10 events):
Event: 33.709 loading class 0x00007fe003f5fbd0 done
Event: 33.729 loading class 0x000000010ab441c0
Event: 33.729 loading class 0x000000010ab441c0 done
Event: 33.729 loading class 0x000000010ab43f50 done
Event: 33.746 loading class 0x00007fe003f5ff00
Event: 33.746 loading class 0x00007fe003f5ff00 done
Event: 33.753 Thread 0x00007fe00517a000 Uncommon trap: trap_request=0xffffffad fr.pc=0x000000010297d4e0
Event: 33.753 Thread 0x00007fe00517a000 DEOPT PACKING pc=0x000000010297d4e0 sp=0x00000001145d0ea0
Event: 33.753 Thread 0x00007fe00517a000 DEOPT UNPACKING pc=0x0000000102898045 sp=0x00000001145d0e10 mode 2
Event: 33.759 Thread 0x00007fe005a62800 Thread added: 0x00007fe005a62800


Dynamic libraries:
0x000000000a17b000 	/System/Library/Frameworks/Cocoa.framework/Versions/A/Cocoa
0x000000000a17b000 	/System/Library/Frameworks/Security.framework/Versions/A/Security
0x000000000a17b000 	/System/Library/Frameworks/ApplicationServices.framework/Versions/A/ApplicationServices
0x000000000a17b000 	/usr/lib/libz.1.dylib
0x000000000a17b000 	/usr/lib/libSystem.B.dylib
0x000000000a17b000 	/usr/lib/libobjc.A.dylib
0x000000000a17b000 	/System/Library/Frameworks/CoreFoundation.framework/Versions/A/CoreFoundation
0x000000000a17b000 	/System/Library/Frameworks/Foundation.framework/Versions/C/Foundation
0x000000000a17b000 	/System/Library/Frameworks/AppKit.framework/Versions/C/AppKit
0x000000000a17b000 	/System/Library/Frameworks/CoreData.framework/Versions/A/CoreData
0x000000000a17b000 	/System/Library/PrivateFrameworks/RemoteViewServices.framework/Versions/A/RemoteViewServices
0x000000000a17b000 	/System/Library/PrivateFrameworks/UIFoundation.framework/Versions/A/UIFoundation
0x000000000a17b000 	/System/Library/Frameworks/IOSurface.framework/Versions/A/IOSurface
0x000000000a17b000 	/System/Library/Frameworks/AudioToolbox.framework/Versions/A/AudioToolbox
0x000000000a17b000 	/System/Library/Frameworks/AudioUnit.framework/Versions/A/AudioUnit
0x000000000a17b000 	/System/Library/PrivateFrameworks/DataDetectorsCore.framework/Versions/A/DataDetectorsCore
0x000000000a17b000 	/System/Library/PrivateFrameworks/DesktopServicesPriv.framework/Versions/A/DesktopServicesPriv
0x000000000a17b000 	/System/Library/Frameworks/Carbon.framework/Versions/A/Frameworks/HIToolbox.framework/Versions/A/HIToolbox
0x000000000a17b000 	/System/Library/Frameworks/QuartzCore.framework/Versions/A/QuartzCore
0x000000000a17b000 	/System/Library/Frameworks/Carbon.framework/Versions/A/Frameworks/SpeechRecognition.framework/Versions/A/SpeechRecognition
0x000000000a17b000 	/usr/lib/libauto.dylib
0x000000000a17b000 	/usr/lib/libicucore.A.dylib
0x000000000a17b000 	/usr/lib/libxml2.2.dylib
0x000000000a17b000 	/System/Library/PrivateFrameworks/CoreUI.framework/Versions/A/CoreUI
0x000000000a17b000 	/System/Library/Frameworks/CoreAudio.framework/Versions/A/CoreAudio
0x000000000a17b000 	/System/Library/Frameworks/DiskArbitration.framework/Versions/A/DiskArbitration
0x000000000a17b000 	/usr/lib/liblangid.dylib
0x000000000a17b000 	/System/Library/PrivateFrameworks/MultitouchSupport.framework/Versions/A/MultitouchSupport
0x000000000a17b000 	/System/Library/Frameworks/IOKit.framework/Versions/A/IOKit
0x000000000a17b000 	/usr/lib/libDiagnosticMessagesClient.dylib
0x000000000a17b000 	/System/Library/Frameworks/CoreServices.framework/Versions/A/CoreServices
0x000000000a17b000 	/System/Library/PrivateFrameworks/PerformanceAnalysis.framework/Versions/A/PerformanceAnalysis
0x000000000a17b000 	/System/Library/PrivateFrameworks/GenerationalStorage.framework/Versions/A/GenerationalStorage
0x000000000a17b000 	/System/Library/Frameworks/OpenGL.framework/Versions/A/OpenGL
0x000000000a17b000 	/System/Library/PrivateFrameworks/Sharing.framework/Versions/A/Sharing
0x000000000a17b000 	/System/Library/Frameworks/CoreGraphics.framework/Versions/A/CoreGraphics
0x000000000a17b000 	/System/Library/Frameworks/CoreText.framework/Versions/A/CoreText
0x000000000a17b000 	/System/Library/Frameworks/ImageIO.framework/Versions/A/ImageIO
0x000000000a17b000 	/usr/lib/libextension.dylib
0x000000000a17b000 	/System/Library/PrivateFrameworks/Backup.framework/Versions/A/Backup
0x000000000a17b000 	/usr/lib/libarchive.2.dylib
0x000000000a17b000 	/System/Library/Frameworks/CFNetwork.framework/Versions/A/CFNetwork
0x000000000a17b000 	/System/Library/Frameworks/SystemConfiguration.framework/Versions/A/SystemConfiguration
0x000000000a17b000 	/usr/lib/libCRFSuite.dylib
0x000000000a17b000 	/usr/lib/libc++.1.dylib
0x000000000a17b000 	/usr/lib/libc++abi.dylib
0x000000000a17b000 	/usr/lib/system/libcache.dylib
0x000000000a17b000 	/usr/lib/system/libcommonCrypto.dylib
0x000000000a17b000 	/usr/lib/system/libcompiler_rt.dylib
0x000000000a17b000 	/usr/lib/system/libcopyfile.dylib
0x000000000a17b000 	/usr/lib/system/libcorecrypto.dylib
0x000000000a17b000 	/usr/lib/system/libdispatch.dylib
0x000000000a17b000 	/usr/lib/system/libdyld.dylib
0x000000000a17b000 	/usr/lib/system/libkeymgr.dylib
0x000000000a17b000 	/usr/lib/system/liblaunch.dylib
0x000000000a17b000 	/usr/lib/system/libmacho.dylib
0x000000000a17b000 	/usr/lib/system/libquarantine.dylib
0x000000000a17b000 	/usr/lib/system/libremovefile.dylib
0x000000000a17b000 	/usr/lib/system/libsystem_asl.dylib
0x000000000a17b000 	/usr/lib/system/libsystem_blocks.dylib
0x000000000a17b000 	/usr/lib/system/libsystem_c.dylib
0x000000000a17b000 	/usr/lib/system/libsystem_configuration.dylib
0x000000000a17b000 	/usr/lib/system/libsystem_coreservices.dylib
0x000000000a17b000 	/usr/lib/system/libsystem_coretls.dylib
0x000000000a17b000 	/usr/lib/system/libsystem_dnssd.dylib
0x000000000a17b000 	/usr/lib/system/libsystem_info.dylib
0x000000000a17b000 	/usr/lib/system/libsystem_kernel.dylib
0x000000000a17b000 	/usr/lib/system/libsystem_m.dylib
0x000000000a17b000 	/usr/lib/system/libsystem_malloc.dylib
0x000000000a17b000 	/usr/lib/system/libsystem_network.dylib
0x000000000a17b000 	/usr/lib/system/libsystem_networkextension.dylib
0x000000000a17b000 	/usr/lib/system/libsystem_notify.dylib
0x000000000a17b000 	/usr/lib/system/libsystem_platform.dylib
0x000000000a17b000 	/usr/lib/system/libsystem_pthread.dylib
0x000000000a17b000 	/usr/lib/system/libsystem_sandbox.dylib
0x000000000a17b000 	/usr/lib/system/libsystem_secinit.dylib
0x000000000a17b000 	/usr/lib/system/libsystem_stats.dylib
0x000000000a17b000 	/usr/lib/system/libsystem_trace.dylib
0x000000000a17b000 	/usr/lib/system/libunc.dylib
0x000000000a17b000 	/usr/lib/system/libunwind.dylib
0x000000000a17b000 	/usr/lib/system/libxpc.dylib
0x000000000a17b000 	/usr/lib/libbz2.1.0.dylib
0x000000000a17b000 	/usr/lib/liblzma.5.dylib
0x000000000a17b000 	/usr/lib/libbsm.0.dylib
0x000000000a17b000 	/usr/lib/libsqlite3.dylib
0x000000000a17b000 	/usr/lib/system/libkxld.dylib
0x000000000a17b000 	/usr/lib/libxar.1.dylib
0x000000000a17b000 	/usr/lib/libpam.2.dylib
0x000000000a17b000 	/usr/lib/libOpenScriptingUtil.dylib
0x000000000a17b000 	/System/Library/Frameworks/CoreServices.framework/Versions/A/Frameworks/FSEvents.framework/Versions/A/FSEvents
0x000000000a17b000 	/System/Library/Frameworks/CoreServices.framework/Versions/A/Frameworks/CarbonCore.framework/Versions/A/CarbonCore
0x000000000a17b000 	/System/Library/Frameworks/CoreServices.framework/Versions/A/Frameworks/Metadata.framework/Versions/A/Metadata
0x000000000a17b000 	/System/Library/Frameworks/CoreServices.framework/Versions/A/Frameworks/OSServices.framework/Versions/A/OSServices
0x000000000a17b000 	/System/Library/Frameworks/CoreServices.framework/Versions/A/Frameworks/SearchKit.framework/Versions/A/SearchKit
0x000000000a17b000 	/System/Library/Frameworks/CoreServices.framework/Versions/A/Frameworks/AE.framework/Versions/A/AE
0x000000000a17b000 	/System/Library/Frameworks/CoreServices.framework/Versions/A/Frameworks/LaunchServices.framework/Versions/A/LaunchServices
0x000000000a17b000 	/System/Library/Frameworks/CoreServices.framework/Versions/A/Frameworks/DictionaryServices.framework/Versions/A/DictionaryServices
0x000000000a17b000 	/System/Library/Frameworks/NetFS.framework/Versions/A/NetFS
0x000000000a17b000 	/System/Library/PrivateFrameworks/NetAuth.framework/Versions/A/NetAuth
0x000000000a17b000 	/System/Library/PrivateFrameworks/login.framework/Versions/A/Frameworks/loginsupport.framework/Versions/A/loginsupport
0x000000000a17b000 	/System/Library/PrivateFrameworks/TCC.framework/Versions/A/TCC
0x000000000a17b000 	/usr/lib/libmecabra.dylib
0x000000000a17b000 	/System/Library/Frameworks/ApplicationServices.framework/Versions/A/Frameworks/ATS.framework/Versions/A/ATS
0x000000000a17b000 	/System/Library/Frameworks/ApplicationServices.framework/Versions/A/Frameworks/ColorSync.framework/Versions/A/ColorSync
0x000000000a17b000 	/System/Library/Frameworks/ApplicationServices.framework/Versions/A/Frameworks/HIServices.framework/Versions/A/HIServices
0x000000000a17b000 	/System/Library/Frameworks/ApplicationServices.framework/Versions/A/Frameworks/LangAnalysis.framework/Versions/A/LangAnalysis
0x000000000a17b000 	/System/Library/Frameworks/ApplicationServices.framework/Versions/A/Frameworks/PrintCore.framework/Versions/A/PrintCore
0x000000000a17b000 	/System/Library/Frameworks/ApplicationServices.framework/Versions/A/Frameworks/QD.framework/Versions/A/QD
0x000000000a17b000 	/System/Library/Frameworks/ApplicationServices.framework/Versions/A/Frameworks/SpeechSynthesis.framework/Versions/A/SpeechSynthesis
0x000000000a17b000 	/System/Library/Frameworks/Accelerate.framework/Versions/A/Accelerate
0x000000000a17b000 	/System/Library/Frameworks/Accelerate.framework/Versions/A/Frameworks/vImage.framework/Versions/A/vImage
0x000000000a17b000 	/System/Library/Frameworks/Accelerate.framework/Versions/A/Frameworks/vecLib.framework/Versions/A/vecLib
0x000000000a17b000 	/System/Library/Frameworks/Accelerate.framework/Versions/A/Frameworks/vecLib.framework/Versions/A/libvDSP.dylib
0x000000000a17b000 	/System/Library/Frameworks/Accelerate.framework/Versions/A/Frameworks/vecLib.framework/Versions/A/libvMisc.dylib
0x000000000a17b000 	/System/Library/Frameworks/Accelerate.framework/Versions/A/Frameworks/vecLib.framework/Versions/A/libLAPACK.dylib
0x000000000a17b000 	/System/Library/Frameworks/Accelerate.framework/Versions/A/Frameworks/vecLib.framework/Versions/A/libBLAS.dylib
0x000000000a17b000 	/System/Library/Frameworks/Accelerate.framework/Versions/A/Frameworks/vecLib.framework/Versions/A/libLinearAlgebra.dylib
0x000000000a17b000 	/System/Library/Frameworks/ApplicationServices.framework/Versions/A/Frameworks/ATS.framework/Versions/A/Resources/libFontParser.dylib
0x000000000a17b000 	/System/Library/Frameworks/ApplicationServices.framework/Versions/A/Frameworks/ATS.framework/Versions/A/Resources/libFontRegistry.dylib
0x000000000a17b000 	/System/Library/PrivateFrameworks/AppleVPA.framework/Versions/A/AppleVPA
0x000000000a17b000 	/System/Library/PrivateFrameworks/AppleJPEG.framework/Versions/A/AppleJPEG
0x000000000a17b000 	/System/Library/Frameworks/ImageIO.framework/Versions/A/Resources/libJPEG.dylib
0x000000000a17b000 	/System/Library/Frameworks/ImageIO.framework/Versions/A/Resources/libTIFF.dylib
0x000000000a17b000 	/System/Library/Frameworks/ImageIO.framework/Versions/A/Resources/libPng.dylib
0x000000000a17b000 	/System/Library/Frameworks/ImageIO.framework/Versions/A/Resources/libGIF.dylib
0x000000000a17b000 	/System/Library/Frameworks/ImageIO.framework/Versions/A/Resources/libJP2.dylib
0x000000000a17b000 	/System/Library/Frameworks/ImageIO.framework/Versions/A/Resources/libRadiance.dylib
0x000000000a17b000 	/System/Library/Frameworks/CoreVideo.framework/Versions/A/CoreVideo
0x000000000a17b000 	/System/Library/Frameworks/OpenGL.framework/Versions/A/Libraries/libGLU.dylib
0x000000000a17b000 	/System/Library/Frameworks/OpenGL.framework/Versions/A/Libraries/libGFXShared.dylib
0x000000000a17b000 	/System/Library/Frameworks/OpenGL.framework/Versions/A/Libraries/libGL.dylib
0x000000000a17b000 	/System/Library/Frameworks/OpenGL.framework/Versions/A/Libraries/libGLImage.dylib
0x000000000a17b000 	/System/Library/Frameworks/OpenGL.framework/Versions/A/Libraries/libCVMSPluginSupport.dylib
0x000000000a17b000 	/System/Library/Frameworks/OpenGL.framework/Versions/A/Libraries/libCoreVMClient.dylib
0x000000000a17b000 	/usr/lib/libcups.2.dylib
0x000000000a17b000 	/System/Library/Frameworks/Kerberos.framework/Versions/A/Kerberos
0x000000000a17b000 	/System/Library/Frameworks/GSS.framework/Versions/A/GSS
0x000000000a17b000 	/usr/lib/libresolv.9.dylib
0x000000000a17b000 	/usr/lib/libiconv.2.dylib
0x000000000a17b000 	/System/Library/PrivateFrameworks/Heimdal.framework/Versions/A/Heimdal
0x000000000a17b000 	/usr/lib/libheimdal-asn1.dylib
0x000000000a17b000 	/System/Library/Frameworks/OpenDirectory.framework/Versions/A/OpenDirectory
0x000000000a17b000 	/System/Library/PrivateFrameworks/CommonAuth.framework/Versions/A/CommonAuth
0x000000000a17b000 	/System/Library/Frameworks/OpenDirectory.framework/Versions/A/Frameworks/CFOpenDirectory.framework/Versions/A/CFOpenDirectory
0x000000000a17b000 	/System/Library/Frameworks/SecurityFoundation.framework/Versions/A/SecurityFoundation
0x000000000a17b000 	/System/Library/PrivateFrameworks/LanguageModeling.framework/Versions/A/LanguageModeling
0x000000000a17b000 	/usr/lib/libcmph.dylib
0x000000000a17b000 	/System/Library/Frameworks/ServiceManagement.framework/Versions/A/ServiceManagement
0x000000000a17b000 	/usr/lib/libxslt.1.dylib
0x000000000a17b000 	/System/Library/Frameworks/Carbon.framework/Versions/A/Frameworks/Ink.framework/Versions/A/Ink
0x000000000a17b000 	/System/Library/Frameworks/QuartzCore.framework/Versions/A/Frameworks/CoreImage.framework/Versions/A/CoreImage
0x000000000a17b000 	/System/Library/PrivateFrameworks/CrashReporterSupport.framework/Versions/A/CrashReporterSupport
0x000000000a17b000 	/System/Library/Frameworks/OpenCL.framework/Versions/A/OpenCL
0x000000000a17b000 	/System/Library/PrivateFrameworks/FaceCore.framework/Versions/A/FaceCore
0x000000000a17b000 	/System/Library/PrivateFrameworks/Ubiquity.framework/Versions/A/Ubiquity
0x000000000a17b000 	/System/Library/PrivateFrameworks/IconServices.framework/Versions/A/IconServices
0x000000000a17b000 	/System/Library/PrivateFrameworks/ChunkingLibrary.framework/Versions/A/ChunkingLibrary
0x000000000a17b000 	/System/Library/PrivateFrameworks/Apple80211.framework/Versions/A/Apple80211
0x000000000a17b000 	/System/Library/Frameworks/CoreWLAN.framework/Versions/A/CoreWLAN
0x000000000a17b000 	/System/Library/Frameworks/IOBluetooth.framework/Versions/A/IOBluetooth
0x000000000a17b000 	/System/Library/PrivateFrameworks/CoreWiFi.framework/Versions/A/CoreWiFi
0x000000000a17b000 	/System/Library/Frameworks/CoreBluetooth.framework/Versions/A/CoreBluetooth
0x000000000a17b000 	/System/Library/PrivateFrameworks/DebugSymbols.framework/Versions/A/DebugSymbols
0x000000000a17b000 	/System/Library/PrivateFrameworks/CoreSymbolication.framework/Versions/A/CoreSymbolication
0x000000000a17b000 	/System/Library/PrivateFrameworks/Symbolication.framework/Versions/A/Symbolication
0x000000000a17b000 	/System/Library/PrivateFrameworks/SpeechRecognitionCore.framework/Versions/A/SpeechRecognitionCore
0x0000000101e00000 	/Library/Java/JavaVirtualMachines/jdk1.7.0_60.jdk/Contents/Home/jre/lib/server/libjvm.dylib
0x000000000a17b000 	/usr/lib/libstdc++.6.dylib
0x0000000101595000 	/Library/Java/JavaVirtualMachines/jdk1.7.0_60.jdk/Contents/Home/jre/lib/libverify.dylib
0x00000001015a2000 	/Library/Java/JavaVirtualMachines/jdk1.7.0_60.jdk/Contents/Home/jre/lib/libjava.dylib
0x00000001015dc000 	/Library/Java/JavaVirtualMachines/jdk1.7.0_60.jdk/Contents/Home/jre/lib/libzip.dylib
0x00000001015e6000 	/System/Library/Frameworks/JavaVM.framework/Frameworks/JavaRuntimeSupport.framework/JavaRuntimeSupport
0x000000010c0cc000 	/System/Library/Frameworks/JavaVM.framework/Versions/A/Frameworks/JavaNativeFoundation.framework/Versions/A/JavaNativeFoundation
0x000000010c0e1000 	/System/Library/Frameworks/JavaVM.framework/Versions/A/JavaVM
0x000000000a17b000 	/System/Library/Frameworks/Carbon.framework/Versions/A/Carbon
0x000000010c0ee000 	/System/Library/PrivateFrameworks/JavaLaunching.framework/Versions/A/JavaLaunching
0x000000000a17b000 	/System/Library/Frameworks/Carbon.framework/Versions/A/Frameworks/CommonPanels.framework/Versions/A/CommonPanels
0x000000000a17b000 	/System/Library/Frameworks/Carbon.framework/Versions/A/Frameworks/Help.framework/Versions/A/Help
0x000000000a17b000 	/System/Library/Frameworks/Carbon.framework/Versions/A/Frameworks/ImageCapture.framework/Versions/A/ImageCapture
0x000000000a17b000 	/System/Library/Frameworks/Carbon.framework/Versions/A/Frameworks/OpenScripting.framework/Versions/A/OpenScripting
0x000000000a17b000 	/System/Library/Frameworks/Carbon.framework/Versions/A/Frameworks/Print.framework/Versions/A/Print
0x000000000a17b000 	/System/Library/Frameworks/Carbon.framework/Versions/A/Frameworks/SecurityHI.framework/Versions/A/SecurityHI
0x000000010df88000 	/Library/Java/JavaVirtualMachines/jdk1.7.0_60.jdk/Contents/Home/jre/lib/libawt.dylib
0x000000010e037000 	/Library/Java/JavaVirtualMachines/jdk1.7.0_60.jdk/Contents/Home/jre/lib/./libmlib_image.dylib
0x000000010e103000 	/Library/Java/JavaVirtualMachines/jdk1.7.0_60.jdk/Contents/Home/jre/lib/lwawt/liblwawt.dylib
0x000000010e1b7000 	/Library/Java/JavaVirtualMachines/jdk1.7.0_60.jdk/Contents/Home/jre/lib/libosxapp.dylib
0x000000000a17b000 	/System/Library/Frameworks/ExceptionHandling.framework/Versions/A/ExceptionHandling
0x000000000a17b000 	/System/Library/PrivateFrameworks/CoreServicesInternal.framework/Versions/A/CoreServicesInternal
0x000000000a17b000 	/System/Library/PrivateFrameworks/CloudDocs.framework/Versions/A/CloudDocs
0x000000000a17b000 	/System/Library/PrivateFrameworks/CoreDuet.framework/Versions/A/CoreDuet
0x000000000a17b000 	/System/Library/Frameworks/CloudKit.framework/Versions/A/CloudKit
0x000000000a17b000 	/System/Library/PrivateFrameworks/ProtocolBuffer.framework/Versions/A/ProtocolBuffer
0x000000000a17b000 	/System/Library/PrivateFrameworks/CoreDuetDaemonProtocol.framework/Versions/A/CoreDuetDaemonProtocol
0x000000000a17b000 	/System/Library/PrivateFrameworks/CoreDuetDebugLogging.framework/Versions/A/CoreDuetDebugLogging
0x000000000a17b000 	/System/Library/PrivateFrameworks/MMCS.framework/Versions/A/MMCS
0x000000000a17b000 	/System/Library/Frameworks/CoreLocation.framework/Versions/A/CoreLocation
0x000000000a17b000 	/System/Library/PrivateFrameworks/ProtectedCloudStorage.framework/Versions/A/ProtectedCloudStorage
0x000000000a17b000 	/System/Library/PrivateFrameworks/GeoServices.framework/Versions/A/GeoServices
0x000000000a17b000 	/System/Library/Frameworks/CoreGraphics.framework/Versions/A/Resources/libCGCMS.A.dylib
0x000000000a17b000 	/System/Library/Frameworks/CoreGraphics.framework/Versions/A/Resources/libRIP.A.dylib
0x000000000a17b000 	/System/Library/Frameworks/CoreGraphics.framework/Versions/A/Resources/libCGXType.A.dylib
0x000000000a17b000 	/System/Library/Frameworks/OpenCL.framework/Versions/A/Libraries/libcldcpuengine.dylib
0x000000000a17b000 	/System/Library/PrivateFrameworks/DiskImages.framework/Versions/A/DiskImages
0x000000000a17b000 	/System/Library/Frameworks/DiscRecording.framework/Versions/A/DiscRecording
0x000000000a17b000 	/usr/lib/libcsfde.dylib
0x000000000a17b000 	/usr/lib/libcurl.4.dylib
0x000000000a17b000 	/System/Library/PrivateFrameworks/MediaKit.framework/Versions/A/MediaKit
0x000000000a17b000 	/usr/lib/libCoreStorage.dylib
0x000000000a17b000 	/System/Library/PrivateFrameworks/EFILogin.framework/Versions/A/EFILogin
0x000000000a17b000 	/usr/lib/libutil.dylib
0x000000000a17b000 	/System/Library/PrivateFrameworks/FindMyDevice.framework/Versions/A/FindMyDevice
0x000000000a17b000 	/System/Library/Frameworks/LDAP.framework/Versions/A/LDAP
0x000000000a17b000 	/usr/lib/libsasl2.2.dylib
0x000000000a17b000 	/System/Library/PrivateFrameworks/CoreDaemon.framework/Versions/B/CoreDaemon
0x000000000a17b000 	/usr/lib/libcrypto.0.9.8.dylib
0x000000000a17b000 	/System/Library/PrivateFrameworks/AppleSRP.framework/Versions/A/AppleSRP
0x000000000a17b000 	/System/Library/PrivateFrameworks/TrustEvaluationAgent.framework/Versions/A/TrustEvaluationAgent
0x000000011143a000 	cl_kernels
0x000000011143c000 	/System/Library/Frameworks/OpenCL.framework/Versions/A/Libraries/ImageFormats/unorm8_bgra.dylib
0x0000000111566000 	cl_kernels
0x000000000a17b000 	/System/Library/PrivateFrameworks/FamilyControls.framework/Versions/A/FamilyControls
0x000000000a17b000 	/System/Library/PrivateFrameworks/CommerceKit.framework/Versions/A/Frameworks/CommerceCore.framework/Versions/A/CommerceCore
0x000000000a17b000 	/System/Library/PrivateFrameworks/SystemAdministration.framework/Versions/A/SystemAdministration
0x000000000a17b000 	/System/Library/PrivateFrameworks/AppContainer.framework/Versions/A/AppContainer
0x000000000a17b000 	/System/Library/PrivateFrameworks/SecCodeWrapper.framework/Versions/A/SecCodeWrapper
0x000000000a17b000 	/System/Library/Frameworks/DirectoryService.framework/Versions/A/DirectoryService
0x000000000a17b000 	/System/Library/PrivateFrameworks/LoginUIKit.framework/Versions/A/Frameworks/LoginUICore.framework/Versions/A/LoginUICore
0x000000000a17b000 	/usr/lib/libodfde.dylib
0x000000011267b000 	/Library/Java/JavaVirtualMachines/jdk1.7.0_60.jdk/Contents/Home/jre/lib/libfontmanager.dylib
0x000000000a17b000 	/System/Library/Frameworks/OpenGL.framework/Versions/A/Resources/GLEngine.bundle/GLEngine
0x000000000a17b000 	/System/Library/Frameworks/OpenGL.framework/Versions/A/Libraries/libGLProgrammability.dylib
0x00000001127e5000 	/System/Library/Extensions/AppleIntelHD4000GraphicsGLDriver.bundle/Contents/MacOS/AppleIntelHD4000GraphicsGLDriver
0x000000000a17b000 	/System/Library/PrivateFrameworks/IOAccelerator.framework/Versions/A/IOAccelerator
0x000000000a17b000 	/System/Library/PrivateFrameworks/GPUSupport.framework/Versions/A/Libraries/libGPUSupportMercury.dylib
0x000000000a17b000 	/System/Library/Frameworks/OpenGL.framework/Versions/A/Resources/GLRendererFloat.bundle/GLRendererFloat
0x00000001126e7000 	/Library/Java/JavaVirtualMachines/jdk1.7.0_60.jdk/Contents/Home/jre/lib/libnet.dylib
0x0000000112744000 	/Library/Java/JavaVirtualMachines/jdk1.7.0_60.jdk/Contents/Home/jre/lib/libnio.dylib
0x0000000112753000 	/private/var/folders/r7/mf4w5t594k16z6c5h_cmz_sr0000gp/T/jogamp_0000/file_cache/jln2128566938871539979/jln8154060809204355136/natives/macosx-universal/libgluegen-rt.jnilib
0x0000000112757000 	/private/var/folders/r7/mf4w5t594k16z6c5h_cmz_sr0000gp/T/jogamp_0000/file_cache/jln2128566938871539979/jln8154060809204355136/natives/macosx-universal/libnativewindow_awt.jnilib
0x000000011275a000 	/Library/Java/JavaVirtualMachines/jdk1.7.0_60.jdk/Contents/Home/jre/lib/libjawt.dylib
0x000000011275d000 	/private/var/folders/r7/mf4w5t594k16z6c5h_cmz_sr0000gp/T/jogamp_0000/file_cache/jln2128566938871539979/jln8154060809204355136/natives/macosx-universal/libnativewindow_macosx.jnilib
0x0000000112767000 	/private/var/folders/r7/mf4w5t594k16z6c5h_cmz_sr0000gp/T/jogamp_0000/file_cache/jln2128566938871539979/jln8154060809204355136/natives/macosx-universal/libnewt.jnilib
0x0000000113ceb000 	/private/var/folders/r7/mf4w5t594k16z6c5h_cmz_sr0000gp/T/jogamp_0000/file_cache/jln2128566938871539979/jln8154060809204355136/natives/macosx-universal/libjogl_desktop.jnilib
0x0000000113dbf000 	/private/var/folders/r7/mf4w5t594k16z6c5h_cmz_sr0000gp/T/jogamp_0000/file_cache/jln2128566938871539979/jln8154060809204355136/natives/macosx-universal/libjogl_mobile.jnilib
0x00000001152e6000 	/Library/Java/JavaVirtualMachines/jdk1.7.0_60.jdk/Contents/Home/jre/lib/libt2k.dylib
0x000000010c15f000 	/Library/Java/JavaVirtualMachines/jdk1.7.0_60.jdk/Contents/Home/jre/lib/libosxui.dylib
0x000000010e333000 	/Library/Java/JavaVirtualMachines/jdk1.7.0_60.jdk/Contents/Home/jre/lib/libmanagement.dylib

VM Arguments:
jvm_args: -Dfile.encoding=UTF-8 
java_command: examples.PerformanceTest
Launcher Type: SUN_STANDARD

Environment Variables:
PATH=/usr/bin:/bin:/usr/sbin:/sbin
SHELL=/bin/bash

Signal Handlers:
SIGSEGV: [libjvm.dylib+0x52b7b1], sa_mask[0]=0xfffefeff, sa_flags=0x00000043
SIGBUS: [libjvm.dylib+0x52b7b1], sa_mask[0]=0xfffefeff, sa_flags=0x00000042
SIGFPE: [libjvm.dylib+0x41e28a], sa_mask[0]=0xfffefeff, sa_flags=0x00000042
SIGPIPE: [libjvm.dylib+0x41e28a], sa_mask[0]=0xfffefeff, sa_flags=0x00000042
SIGXFSZ: [libjvm.dylib+0x41e28a], sa_mask[0]=0xfffefeff, sa_flags=0x00000042
SIGILL: [libjvm.dylib+0x41e28a], sa_mask[0]=0xfffefeff, sa_flags=0x00000042
SIGUSR1: SIG_DFL, sa_mask[0]=0x00000000, sa_flags=0x00000000
SIGUSR2: [libjvm.dylib+0x41dd7c], sa_mask[0]=0x00000004, sa_flags=0x00000042
SIGHUP: [libjvm.dylib+0x41c00b], sa_mask[0]=0xfffefeff, sa_flags=0x00000042
SIGINT: [libjvm.dylib+0x41c00b], sa_mask[0]=0xfffefeff, sa_flags=0x00000042
SIGTERM: [libjvm.dylib+0x41c00b], sa_mask[0]=0xfffefeff, sa_flags=0x00000042
SIGQUIT: [libjvm.dylib+0x41c00b], sa_mask[0]=0xfffefeff, sa_flags=0x00000042


---------------  S Y S T E M  ---------------

OS:Bsduname:Darwin 14.5.0 Darwin Kernel Version 14.5.0: Wed Jul 29 02:26:53 PDT 2015; root:xnu-2782.40.9~1/RELEASE_X86_64 x86_64
rlimit: STACK 8192k, CORE 0k, NPROC 709, NOFILE 10240, AS infinity
load average:1.07 1.17 1.25

CPU:total 4 (2 cores per cpu, 2 threads per core) family 6 model 58 stepping 9, cmov, cx8, fxsr, mmx, sse, sse2, sse3, ssse3, sse4.1, sse4.2, popcnt, avx, aes, erms, ht, tsc, tscinvbit, tscinv

Memory: 4k page, physical 8388608k(2097152k free)

/proc/meminfo:


vm_info: Java HotSpot(TM) 64-Bit Server VM (24.60-b09) for bsd-amd64 JRE (1.7.0_60-b19), built on May  7 2014 12:52:25 by "java_re" with gcc 4.2.1 (Based on Apple Inc. build 5658) (LLVM build 2336.11.00)

time: Sat Nov 11 23:19:02 2017
elapsed time: 34 seconds

