#
# A fatal error has been detected by the Java Runtime Environment:
#
#  SIGSEGV (0xb) at pc=0x00007fff698b17d1, pid=3520, tid=4867
#
# JRE version: Java(TM) SE Runtime Environment (7.0_60-b19) (build 1.7.0_60-b19)
# Java VM: Java HotSpot(TM) 64-Bit Server VM (24.60-b09 mixed mode bsd-amd64 compressed oops)
# Problematic frame:
# C  0x00007fff698b17d1
#
# Failed to write core dump. Core dumps have been disabled. To enable core dumping, try "ulimit -c unlimited" before starting Java again
#
# If you would like to submit a bug report, please visit:
#   http://bugreport.sun.com/bugreport/crash.jsp
# The crash happened outside the Java Virtual Machine in native code.
# See problematic frame for where to report the bug.
#

---------------  T H R E A D  ---------------

Current thread (0x00007fbeeb000000):  JavaThread "main" [_thread_in_native, id=4867, stack(0x000000010d860000,0x000000010d960000)]

siginfo:si_signo=SIGSEGV: si_errno=0, si_code=1 (SEGV_MAPERR), si_addr=0x000000011f55b000

Registers:
RAX=0x000000011f55b000, RBX=0x000000010d95d260, RCX=0x000000011f55b028, RDX=0x0000000000001000
RSP=0x000000010d95d140, RBP=0x000000010d95d150, RSI=0x000000010d95d120, RDI=0x0000000000000907
R8 =0x000000010d95d218, R9 =0x000000010d95d290, R10=0x0000000000000001, R11=0x0000000000000202
R12=0x00007fff698c7510, R13=0x00000007d6c745c8, R14=0x00007fff698b7e80, R15=0x00007fff698c7510
RIP=0x00007fff698b17d1, EFLAGS=0x0000000000010246, ERR=0x0000000000000006
  TRAPNO=0x000000000000000e

Top of Stack: (sp=0x000000010d95d140)
0x000000010d95d140:   00007fbee969d380 000000011f55b000
0x000000010d95d150:   000000010d95d250 00007fff69890607
0x000000010d95d160:   0000000000001003 00007fff698d4d20
0x000000010d95d170:   00007fbee969c5c0 2e00fa51ea67ad66
0x000000010d95d180:   000000010d95d218 000000010d95d290
0x000000010d95d190:   0000000000000002 000000010c4e4000
0x000000010d95d1a0:   ff80000000001003 000000010c4effff
0x000000010d95d1b0:   000000010c4e8e00 0000000000000000
0x000000010d95d1c0:   0000000000000013 00000007d6c745c8
0x000000010d95d1d0:   000000010c4e4000 0000000000000013
0x000000010d95d1e0:   000000010d95d210 00007fff8c8d2877
0x000000010d95d1f0:   000000010c514000 0000000000000013
0x000000010d95d200:   0000000000000700 0000000000000000
0x000000010d95d210:   000000010d95d250 00007fff6989d410
0x000000010d95d220:   000000010d95cbb0 2e00fa51ea67ad66
0x000000010d95d230:   2e00fa51ea67ad66 000000010d95d260
0x000000010d95d240:   00007fbee969c5c0 00007fff698d4d20
0x000000010d95d250:   000000010d95d2c0 00007fff6989b6d1
0x000000010d95d260:   75747865546c675f 7265666675426572
0x000000010d95d270:   00000001004c4d4f 00007fff6989b59d
0x000000010d95d280:   00007fff7b839110 0000000000000000
0x000000010d95d290:   00007fff698d4d20 2e00fa51ea67ad66
0x000000010d95d2a0:   00007fff698d4d20 0000000000000000
0x000000010d95d2b0:   00007fbee969c5c0 00007fbeeb000000
0x000000010d95d2c0:   000000010d95d2f0 00007fff8c01e8f5
0x000000010d95d2d0:   0000000000000000 00000007d6c745c8
0x000000010d95d2e0:   00000007d6cbe4a8 000000010d95d390
0x000000010d95d2f0:   000000010d95d350 000000011e4a84b7
0x000000010d95d300:   000000010d95d390 000000010d998058
0x000000010d95d310:   0000000000000000 0000000000000000
0x000000010d95d320:   00007fbee969c5c0 000000010d95d368
0x000000010d95d330:   00007fff698d4d20 000000010d95d390 

Instructions: (pc=0x00007fff698b17d1)
0x00007fff698b17b1:   f8 ba 00 10 00 00 b9 01 00 00 00 e8 ce 43 00 00
0x00007fff698b17c1:   89 c1 31 c0 85 c9 75 35 48 8b 45 f8 48 8d 48 28
0x00007fff698b17d1:   48 89 08 48 8b 45 f8 48 89 48 08 48 8b 45 f8 48
0x00007fff698b17e1:   8d 88 ff 0f 00 00 48 89 48 10 48 8b 45 f8 48 8d 

Register to memory mapping:

RAX=0x000000011f55b000 is an unknown value
RBX=0x000000010d95d260 is pointing into the stack for thread: 0x00007fbeeb000000
RCX=0x000000011f55b028 is an unknown value
RDX=0x0000000000001000 is an unknown value
RSP=0x000000010d95d140 is pointing into the stack for thread: 0x00007fbeeb000000
RBP=0x000000010d95d150 is pointing into the stack for thread: 0x00007fbeeb000000
RSI=0x000000010d95d120 is pointing into the stack for thread: 0x00007fbeeb000000
RDI=0x0000000000000907 is an unknown value
R8 =0x000000010d95d218 is pointing into the stack for thread: 0x00007fbeeb000000
R9 =0x000000010d95d290 is pointing into the stack for thread: 0x00007fbeeb000000
R10=0x0000000000000001 is an unknown value
R11=0x0000000000000202 is an unknown value
R12=0x00007fff698c7510 is an unknown value
R13=0x00000007d6c745c8 is an oop
jogamp.opengl.DesktopGLDynamicLookupHelper 
 - klass: 'jogamp/opengl/DesktopGLDynamicLookupHelper'
R14=0x00007fff698b7e80 is an unknown value
R15=0x00007fff698c7510 is an unknown value


Stack: [0x000000010d860000,0x000000010d960000],  sp=0x000000010d95d140,  free space=1012k
Native frames: (J=compiled Java code, j=interpreted, Vv=VM code, C=native code)
C  0x00007fff698b17d1
C  0x00007fff69890607
C  0x00007fff6989b6d1
C  [libdyld.dylib+0x28f5]  dlsym+0x48
C  [libgluegen-rt.jnilib+0x14b7]  Java_jogamp_common_os_UnixDynamicLinkerImpl_dlsym+0xd7
J 61  jogamp.common.os.UnixDynamicLinkerImpl.dlsym(JLjava/lang/String;)J (0 bytes) @ 0x000000010da63007 [0x000000010da62f40+0xc7]

Java frames: (J=compiled Java code, j=interpreted, Vv=VM code)
J 61  jogamp.common.os.UnixDynamicLinkerImpl.dlsym(JLjava/lang/String;)J (0 bytes) @ 0x000000010da62f95 [0x000000010da62f40+0x55]
J 58 C2 jogamp.common.os.DynamicLinkerImpl.lookupSymbol(JLjava/lang/String;)J (72 bytes) @ 0x000000010da672b0 [0x000000010da67200+0xb0]
J 57 C2 com.jogamp.gluegen.runtime.opengl.GLProcAddressResolver.resolve(Ljava/lang/String;Lcom/jogamp/common/os/DynamicLookupHelper;)J (54 bytes) @ 0x000000010da695cc [0x000000010da68f80+0x64c]
j  com.jogamp.gluegen.runtime.ProcAddressTable.setEntry(Ljava/lang/reflect/Field;Ljava/lang/String;Lcom/jogamp/common/os/DynamicLookupHelper;)V+30
j  com.jogamp.gluegen.runtime.ProcAddressTable.reset(Lcom/jogamp/common/os/DynamicLookupHelper;)V+132
j  jogamp.opengl.GLContextImpl$1.run()Ljava/lang/Object;+8
v  ~StubRoutines::call_stub
j  java.security.AccessController.doPrivileged(Ljava/security/PrivilegedAction;)Ljava/lang/Object;+0
j  jogamp.opengl.GLContextImpl.resetProcAddressTable(Lcom/jogamp/gluegen/runtime/ProcAddressTable;Ljogamp/opengl/GLDynamicLookupHelper;)V+10
j  jogamp.opengl.GLContextImpl.setGLFunctionAvailability(ZIIIZZ)Z+1985
j  jogamp.opengl.GLContextImpl.createContextARBVersions(JZIIIII[I[I)J+195
j  jogamp.opengl.GLContextImpl.createContextARBMapVersionsAvailable(Lcom/jogamp/nativewindow/AbstractGraphicsDevice;IIZ)Z+204
j  jogamp.opengl.GLContextImpl.mapGLVersions(Lcom/jogamp/nativewindow/AbstractGraphicsDevice;)Z+934
j  jogamp.opengl.GLContextImpl.createContextARB(JZ)J+116
j  jogamp.opengl.macosx.cgl.MacOSXCGLContext.createImpl(J)Z+287
j  jogamp.opengl.GLContextImpl.makeCurrentWithinLock(I)I+224
j  jogamp.opengl.GLContextImpl.makeCurrent(Z)I+488
j  jogamp.opengl.GLContextImpl.makeCurrent()I+2
j  jogamp.opengl.macosx.cgl.MacOSXCGLDrawableFactory.getOrCreateSharedResourceImpl(Lcom/jogamp/nativewindow/AbstractGraphicsDevice;)Ljogamp/opengl/macosx/cgl/MacOSXCGLDrawableFactory$SharedResource;+227
j  jogamp.opengl.macosx.cgl.MacOSXCGLDrawableFactory.getOrCreateSharedResourceImpl(Lcom/jogamp/nativewindow/AbstractGraphicsDevice;)Ljogamp/opengl/SharedResourceRunner$Resource;+2
j  jogamp.opengl.GLDrawableFactoryImpl.getOrCreateSharedResource(Lcom/jogamp/nativewindow/AbstractGraphicsDevice;)Ljogamp/opengl/SharedResourceRunner$Resource;+13
j  jogamp.opengl.GLDrawableFactoryImpl.createSharedResourceImpl(Lcom/jogamp/nativewindow/AbstractGraphicsDevice;)Z+2
j  com.jogamp.opengl.GLDrawableFactory.createSharedResource(Lcom/jogamp/nativewindow/AbstractGraphicsDevice;)Z+2
j  com.jogamp.opengl.GLProfile.initProfilesForDeviceCritical(Lcom/jogamp/nativewindow/AbstractGraphicsDevice;)Z+231
j  com.jogamp.opengl.GLProfile.initProfilesForDevice(Lcom/jogamp/nativewindow/AbstractGraphicsDevice;)Z+25
j  com.jogamp.opengl.GLProfile.initProfilesForDefaultDevices()V+633
j  com.jogamp.opengl.GLProfile.access$000()V+0
j  com.jogamp.opengl.GLProfile$1.run()Ljava/lang/Object;+58
v  ~StubRoutines::call_stub
j  java.security.AccessController.doPrivileged(Ljava/security/PrivilegedAction;)Ljava/lang/Object;+0
j  com.jogamp.opengl.GLProfile.initSingleton()V+78
j  com.jogamp.opengl.GLProfile.getProfileMap(Lcom/jogamp/nativewindow/AbstractGraphicsDevice;Z)Ljava/util/HashMap;+0
j  com.jogamp.opengl.GLProfile.get(Lcom/jogamp/nativewindow/AbstractGraphicsDevice;Ljava/lang/String;)Lcom/jogamp/opengl/GLProfile;+16
j  com.jogamp.opengl.GLProfile.getGL2ES2()Lcom/jogamp/opengl/GLProfile;+5
j  processing.opengl.PSurfaceJOGL.initGL()V+40
j  processing.opengl.PSurfaceJOGL.initFrame(Lprocessing/core/PApplet;)V+14
j  processing.core.PApplet.initSurface()Lprocessing/core/PSurface;+46
j  processing.core.PApplet.runSketch([Ljava/lang/String;Lprocessing/core/PApplet;)V+693
j  processing.core.PApplet.main([Ljava/lang/String;)V+2
j  executable.Executable.main([Ljava/lang/String;)V+20
v  ~StubRoutines::call_stub

---------------  P R O C E S S  ---------------

Java Threads: ( => current thread )
  0x00007fbeeb13c800 JavaThread "main-Display-.macosx_nil-1-EDT-1" daemon [_thread_blocked, id=52739, stack(0x000000011e804000,0x000000011e904000)]
  0x00007fbeea996000 JavaThread "AWT-EventQueue-0" [_thread_blocked, id=50951, stack(0x000000011e4b3000,0x000000011e5b3000)]
  0x00007fbeeb075000 JavaThread "Java2D Disposer" daemon [_thread_blocked, id=49959, stack(0x000000011de7b000,0x000000011df7b000)]
  0x00007fbeeb06a000 JavaThread "Java2D Queue Flusher" daemon [_thread_blocked, id=47891, stack(0x000000011d503000,0x000000011d603000)]
  0x00007fbee98b4800 JavaThread "AWT-Shutdown" [_thread_blocked, id=28167, stack(0x000000011aaa8000,0x000000011aba8000)]
  0x00007fbeea071000 JavaThread "AWT-AppKit" daemon [_thread_in_native, id=1811, stack(0x00007fff536b6000,0x00007fff53736000)]
  0x00007fbee982b000 JavaThread "Service Thread" daemon [_thread_blocked, id=17667, stack(0x0000000118d61000,0x0000000118e61000)]
  0x00007fbeeb02d800 JavaThread "C2 CompilerThread1" daemon [_thread_blocked, id=17155, stack(0x0000000118c5e000,0x0000000118d5e000)]
  0x00007fbeeb02a800 JavaThread "C2 CompilerThread0" daemon [_thread_blocked, id=16643, stack(0x0000000118b5b000,0x0000000118c5b000)]
  0x00007fbee9835000 JavaThread "Signal Dispatcher" daemon [_thread_blocked, id=16403, stack(0x0000000118a58000,0x0000000118b58000)]
  0x00007fbee9828000 JavaThread "Finalizer" daemon [_thread_blocked, id=11523, stack(0x00000001170fd000,0x00000001171fd000)]
  0x00007fbeea81e800 JavaThread "Reference Handler" daemon [_thread_blocked, id=11011, stack(0x0000000116ffa000,0x00000001170fa000)]
=>0x00007fbeeb000000 JavaThread "main" [_thread_in_native, id=4867, stack(0x000000010d860000,0x000000010d960000)]

Other Threads:
  0x00007fbeea81b800 VMThread [stack: 0x0000000116ef7000,0x0000000116ff7000] [id=10499]
  0x00007fbeeb036000 WatcherThread [stack: 0x0000000118e64000,0x0000000118f64000] [id=18179]

VM state:not at safepoint (normal execution)

VM Mutex/Monitor currently owned by a thread: None

Heap
 PSYoungGen      total 38912K, used 31932K [0x00000007d5500000, 0x00000007d8000000, 0x0000000800000000)
  eden space 33792K, 94% used [0x00000007d5500000,0x00000007d742f1f8,0x00000007d7600000)
  from space 5120K, 0% used [0x00000007d7b00000,0x00000007d7b00000,0x00000007d8000000)
  to   space 5120K, 0% used [0x00000007d7600000,0x00000007d7600000,0x00000007d7b00000)
 ParOldGen       total 87040K, used 0K [0x0000000780000000, 0x0000000785500000, 0x00000007d5500000)
  object space 87040K, 0% used [0x0000000780000000,0x0000000780000000,0x0000000785500000)
 PSPermGen       total 21504K, used 14625K [0x000000077ae00000, 0x000000077c300000, 0x0000000780000000)
  object space 21504K, 68% used [0x000000077ae00000,0x000000077bc487e8,0x000000077c300000)

Card table byte_map: [0x0000000110a52000,0x0000000110e7c000] byte_map_base: 0x000000010ce7b000

Polling page: 0x000000010c5ec000

Code Cache  [0x000000010d992000, 0x000000010dc02000, 0x0000000110992000)
 total_blobs=819 nmethods=61 adapters=712 free_code_cache=48303Kb largest_free_block=49435072

Compilation events (10 events):
Event: 5.966 Thread 0x00007fbeeb02d800 nmethod 56 0x000000010da63810 code [0x000000010da63960, 0x000000010da63a58]
Event: 5.966 Thread 0x00007fbeeb02a800 nmethod 55 0x000000010da631d0 code [0x000000010da63320, 0x000000010da63618]
Event: 6.017 Thread 0x00007fbeeb02d800   57   !         com.jogamp.gluegen.runtime.opengl.GLProcAddressResolver::resolve (54 bytes)
Event: 6.035 Thread 0x00007fbeeb02d800 nmethod 57 0x000000010da68d50 code [0x000000010da68f80, 0x000000010da69d68]
Event: 6.067 Thread 0x00007fbeeb02d800   59   !         jogamp.common.os.DynamicLinkerImpl::checkLinkPermission (83 bytes)
Event: 6.067 Thread 0x00007fbeeb02a800   58             jogamp.common.os.DynamicLinkerImpl::lookupSymbol (72 bytes)
Event: 6.069 Thread 0x00007fbeeb02d800 nmethod 59 0x000000010da6c790 code [0x000000010da6c8e0, 0x000000010da6ccb8]
Event: 6.069 Thread 0x00007fbeeb02d800   60             jogamp.common.os.UnixDynamicLinkerImpl::lookupSymbolLocalImpl (6 bytes)
Event: 6.069 Thread 0x00007fbeeb02a800 nmethod 58 0x000000010da67090 code [0x000000010da67200, 0x000000010da67608]
Event: 6.069 Thread 0x00007fbeeb02d800 nmethod 60 0x000000010da5fa50 code [0x000000010da5fba0, 0x000000010da5fc28]

GC Heap History (0 events):
No events

Deoptimization events (1 events):
Event: 5.184 Thread 0x00007fbeeb000000 Uncommon trap: reason=unloaded action=reinterpret pc=0x000000010da27df0 method=com.jogamp.opengl.util.PNGPixelRect.read(Ljava/io/InputStream;Lcom/jogamp/nativewindow/util/PixelFormat;ZIZ)Lcom/jogamp/opengl/util/PNGPixelRect; @ 1292

Internal exceptions (10 events):
Event: 6.083 Thread 0x00007fbeeb000000 Threw 0x00000007d7205da8 at /HUDSON/workspace/7u-2-build-macosx-x86_64/jdk7u60/1081/hotspot/src/share/vm/prims/jvm.cpp:1244
Event: 6.083 Thread 0x00007fbeeb000000 Threw 0x00000007d720acb0 at /HUDSON/workspace/7u-2-build-macosx-x86_64/jdk7u60/1081/hotspot/src/share/vm/prims/jvm.cpp:1244
Event: 6.084 Thread 0x00007fbeeb000000 Threw 0x00000007d720fea0 at /HUDSON/workspace/7u-2-build-macosx-x86_64/jdk7u60/1081/hotspot/src/share/vm/prims/jvm.cpp:1244
Event: 6.084 Thread 0x00007fbeeb000000 Threw 0x00000007d7219180 at /HUDSON/workspace/7u-2-build-macosx-x86_64/jdk7u60/1081/hotspot/src/share/vm/prims/jvm.cpp:1244
Event: 6.090 Thread 0x00007fbeeb000000 Threw 0x00000007d7249d60 at /HUDSON/workspace/7u-2-build-macosx-x86_64/jdk7u60/1081/hotspot/src/share/vm/prims/jvm.cpp:1244
Event: 6.091 Thread 0x00007fbeeb000000 Threw 0x00000007d7252670 at /HUDSON/workspace/7u-2-build-macosx-x86_64/jdk7u60/1081/hotspot/src/share/vm/prims/jvm.cpp:1244
Event: 6.091 Thread 0x00007fbeeb000000 Threw 0x00000007d7258c50 at /HUDSON/workspace/7u-2-build-macosx-x86_64/jdk7u60/1081/hotspot/src/share/vm/prims/jvm.cpp:1244
Event: 6.092 Thread 0x00007fbeeb000000 Threw 0x00000007d728d738 at /HUDSON/workspace/7u-2-build-macosx-x86_64/jdk7u60/1081/hotspot/src/share/vm/prims/jvm.cpp:1244
Event: 6.093 Thread 0x00007fbeeb000000 Threw 0x00000007d72b4258 at /HUDSON/workspace/7u-2-build-macosx-x86_64/jdk7u60/1081/hotspot/src/share/vm/prims/jvm.cpp:1244
Event: 6.101 Thread 0x00007fbeeb000000 Threw 0x00000007d732e910 at /HUDSON/workspace/7u-2-build-macosx-x86_64/jdk7u60/1081/hotspot/src/share/vm/prims/jvm.cpp:1244

Events (10 events):
Event: 6.091 loading class 0x00007fbee95e4fb0
Event: 6.091 loading class 0x00007fbee95e4fb0 done
Event: 6.091 loading class 0x00007fbee9680030
Event: 6.091 loading class 0x00007fbee9680030 done
Event: 6.092 loading class 0x00007fbee94b74e0
Event: 6.092 loading class 0x00007fbee94b74e0 done
Event: 6.093 loading class 0x00007fbee94b72e0
Event: 6.093 loading class 0x00007fbee94b72e0 done
Event: 6.101 loading class 0x00007fbee9690170
Event: 6.101 loading class 0x00007fbee9690170 done


Dynamic libraries:
0x000000000b689000 	/System/Library/Frameworks/Cocoa.framework/Versions/A/Cocoa
0x000000000b689000 	/System/Library/Frameworks/Security.framework/Versions/A/Security
0x000000000b689000 	/System/Library/Frameworks/ApplicationServices.framework/Versions/A/ApplicationServices
0x000000000b689000 	/usr/lib/libz.1.dylib
0x000000000b689000 	/usr/lib/libSystem.B.dylib
0x000000000b689000 	/usr/lib/libobjc.A.dylib
0x000000000b689000 	/System/Library/Frameworks/CoreFoundation.framework/Versions/A/CoreFoundation
0x000000000b689000 	/System/Library/Frameworks/Foundation.framework/Versions/C/Foundation
0x000000000b689000 	/System/Library/Frameworks/AppKit.framework/Versions/C/AppKit
0x000000000b689000 	/System/Library/Frameworks/CoreData.framework/Versions/A/CoreData
0x000000000b689000 	/System/Library/PrivateFrameworks/RemoteViewServices.framework/Versions/A/RemoteViewServices
0x000000000b689000 	/System/Library/PrivateFrameworks/UIFoundation.framework/Versions/A/UIFoundation
0x000000000b689000 	/System/Library/Frameworks/IOSurface.framework/Versions/A/IOSurface
0x000000000b689000 	/System/Library/Frameworks/AudioToolbox.framework/Versions/A/AudioToolbox
0x000000000b689000 	/System/Library/Frameworks/AudioUnit.framework/Versions/A/AudioUnit
0x000000000b689000 	/System/Library/PrivateFrameworks/DataDetectorsCore.framework/Versions/A/DataDetectorsCore
0x000000000b689000 	/System/Library/PrivateFrameworks/DesktopServicesPriv.framework/Versions/A/DesktopServicesPriv
0x000000000b689000 	/System/Library/Frameworks/Carbon.framework/Versions/A/Frameworks/HIToolbox.framework/Versions/A/HIToolbox
0x000000000b689000 	/System/Library/Frameworks/QuartzCore.framework/Versions/A/QuartzCore
0x000000000b689000 	/System/Library/Frameworks/Carbon.framework/Versions/A/Frameworks/SpeechRecognition.framework/Versions/A/SpeechRecognition
0x000000000b689000 	/usr/lib/libauto.dylib
0x000000000b689000 	/usr/lib/libicucore.A.dylib
0x000000000b689000 	/usr/lib/libxml2.2.dylib
0x000000000b689000 	/System/Library/PrivateFrameworks/CoreUI.framework/Versions/A/CoreUI
0x000000000b689000 	/System/Library/Frameworks/CoreAudio.framework/Versions/A/CoreAudio
0x000000000b689000 	/System/Library/Frameworks/DiskArbitration.framework/Versions/A/DiskArbitration
0x000000000b689000 	/usr/lib/liblangid.dylib
0x000000000b689000 	/System/Library/PrivateFrameworks/MultitouchSupport.framework/Versions/A/MultitouchSupport
0x000000000b689000 	/System/Library/Frameworks/IOKit.framework/Versions/A/IOKit
0x000000000b689000 	/usr/lib/libDiagnosticMessagesClient.dylib
0x000000000b689000 	/System/Library/Frameworks/CoreServices.framework/Versions/A/CoreServices
0x000000000b689000 	/System/Library/PrivateFrameworks/PerformanceAnalysis.framework/Versions/A/PerformanceAnalysis
0x000000000b689000 	/System/Library/PrivateFrameworks/GenerationalStorage.framework/Versions/A/GenerationalStorage
0x000000000b689000 	/System/Library/Frameworks/OpenGL.framework/Versions/A/OpenGL
0x000000000b689000 	/System/Library/PrivateFrameworks/Sharing.framework/Versions/A/Sharing
0x000000000b689000 	/System/Library/Frameworks/CoreGraphics.framework/Versions/A/CoreGraphics
0x000000000b689000 	/System/Library/Frameworks/CoreText.framework/Versions/A/CoreText
0x000000000b689000 	/System/Library/Frameworks/ImageIO.framework/Versions/A/ImageIO
0x000000000b689000 	/usr/lib/libextension.dylib
0x000000000b689000 	/System/Library/PrivateFrameworks/Backup.framework/Versions/A/Backup
0x000000000b689000 	/usr/lib/libarchive.2.dylib
0x000000000b689000 	/System/Library/Frameworks/CFNetwork.framework/Versions/A/CFNetwork
0x000000000b689000 	/System/Library/Frameworks/SystemConfiguration.framework/Versions/A/SystemConfiguration
0x000000000b689000 	/usr/lib/libCRFSuite.dylib
0x000000000b689000 	/usr/lib/libc++.1.dylib
0x000000000b689000 	/usr/lib/libc++abi.dylib
0x000000000b689000 	/usr/lib/system/libcache.dylib
0x000000000b689000 	/usr/lib/system/libcommonCrypto.dylib
0x000000000b689000 	/usr/lib/system/libcompiler_rt.dylib
0x000000000b689000 	/usr/lib/system/libcopyfile.dylib
0x000000000b689000 	/usr/lib/system/libcorecrypto.dylib
0x000000000b689000 	/usr/lib/system/libdispatch.dylib
0x000000000b689000 	/usr/lib/system/libdyld.dylib
0x000000000b689000 	/usr/lib/system/libkeymgr.dylib
0x000000000b689000 	/usr/lib/system/liblaunch.dylib
0x000000000b689000 	/usr/lib/system/libmacho.dylib
0x000000000b689000 	/usr/lib/system/libquarantine.dylib
0x000000000b689000 	/usr/lib/system/libremovefile.dylib
0x000000000b689000 	/usr/lib/system/libsystem_asl.dylib
0x000000000b689000 	/usr/lib/system/libsystem_blocks.dylib
0x000000000b689000 	/usr/lib/system/libsystem_c.dylib
0x000000000b689000 	/usr/lib/system/libsystem_configuration.dylib
0x000000000b689000 	/usr/lib/system/libsystem_coreservices.dylib
0x000000000b689000 	/usr/lib/system/libsystem_coretls.dylib
0x000000000b689000 	/usr/lib/system/libsystem_dnssd.dylib
0x000000000b689000 	/usr/lib/system/libsystem_info.dylib
0x000000000b689000 	/usr/lib/system/libsystem_kernel.dylib
0x000000000b689000 	/usr/lib/system/libsystem_m.dylib
0x000000000b689000 	/usr/lib/system/libsystem_malloc.dylib
0x000000000b689000 	/usr/lib/system/libsystem_network.dylib
0x000000000b689000 	/usr/lib/system/libsystem_networkextension.dylib
0x000000000b689000 	/usr/lib/system/libsystem_notify.dylib
0x000000000b689000 	/usr/lib/system/libsystem_platform.dylib
0x000000000b689000 	/usr/lib/system/libsystem_pthread.dylib
0x000000000b689000 	/usr/lib/system/libsystem_sandbox.dylib
0x000000000b689000 	/usr/lib/system/libsystem_secinit.dylib
0x000000000b689000 	/usr/lib/system/libsystem_stats.dylib
0x000000000b689000 	/usr/lib/system/libsystem_trace.dylib
0x000000000b689000 	/usr/lib/system/libunc.dylib
0x000000000b689000 	/usr/lib/system/libunwind.dylib
0x000000000b689000 	/usr/lib/system/libxpc.dylib
0x000000000b689000 	/usr/lib/libbz2.1.0.dylib
0x000000000b689000 	/usr/lib/liblzma.5.dylib
0x000000000b689000 	/usr/lib/libbsm.0.dylib
0x000000000b689000 	/usr/lib/libsqlite3.dylib
0x000000000b689000 	/usr/lib/system/libkxld.dylib
0x000000000b689000 	/usr/lib/libxar.1.dylib
0x000000000b689000 	/usr/lib/libpam.2.dylib
0x000000000b689000 	/usr/lib/libOpenScriptingUtil.dylib
0x000000000b689000 	/System/Library/Frameworks/CoreServices.framework/Versions/A/Frameworks/FSEvents.framework/Versions/A/FSEvents
0x000000000b689000 	/System/Library/Frameworks/CoreServices.framework/Versions/A/Frameworks/CarbonCore.framework/Versions/A/CarbonCore
0x000000000b689000 	/System/Library/Frameworks/CoreServices.framework/Versions/A/Frameworks/Metadata.framework/Versions/A/Metadata
0x000000000b689000 	/System/Library/Frameworks/CoreServices.framework/Versions/A/Frameworks/OSServices.framework/Versions/A/OSServices
0x000000000b689000 	/System/Library/Frameworks/CoreServices.framework/Versions/A/Frameworks/SearchKit.framework/Versions/A/SearchKit
0x000000000b689000 	/System/Library/Frameworks/CoreServices.framework/Versions/A/Frameworks/AE.framework/Versions/A/AE
0x000000000b689000 	/System/Library/Frameworks/CoreServices.framework/Versions/A/Frameworks/LaunchServices.framework/Versions/A/LaunchServices
0x000000000b689000 	/System/Library/Frameworks/CoreServices.framework/Versions/A/Frameworks/DictionaryServices.framework/Versions/A/DictionaryServices
0x000000000b689000 	/System/Library/Frameworks/NetFS.framework/Versions/A/NetFS
0x000000000b689000 	/System/Library/PrivateFrameworks/NetAuth.framework/Versions/A/NetAuth
0x000000000b689000 	/System/Library/PrivateFrameworks/login.framework/Versions/A/Frameworks/loginsupport.framework/Versions/A/loginsupport
0x000000000b689000 	/System/Library/PrivateFrameworks/TCC.framework/Versions/A/TCC
0x000000000b689000 	/usr/lib/libmecabra.dylib
0x000000000b689000 	/System/Library/Frameworks/ApplicationServices.framework/Versions/A/Frameworks/ATS.framework/Versions/A/ATS
0x000000000b689000 	/System/Library/Frameworks/ApplicationServices.framework/Versions/A/Frameworks/ColorSync.framework/Versions/A/ColorSync
0x000000000b689000 	/System/Library/Frameworks/ApplicationServices.framework/Versions/A/Frameworks/HIServices.framework/Versions/A/HIServices
0x000000000b689000 	/System/Library/Frameworks/ApplicationServices.framework/Versions/A/Frameworks/LangAnalysis.framework/Versions/A/LangAnalysis
0x000000000b689000 	/System/Library/Frameworks/ApplicationServices.framework/Versions/A/Frameworks/PrintCore.framework/Versions/A/PrintCore
0x000000000b689000 	/System/Library/Frameworks/ApplicationServices.framework/Versions/A/Frameworks/QD.framework/Versions/A/QD
0x000000000b689000 	/System/Library/Frameworks/ApplicationServices.framework/Versions/A/Frameworks/SpeechSynthesis.framework/Versions/A/SpeechSynthesis
0x000000000b689000 	/System/Library/Frameworks/Accelerate.framework/Versions/A/Accelerate
0x000000000b689000 	/System/Library/Frameworks/Accelerate.framework/Versions/A/Frameworks/vImage.framework/Versions/A/vImage
0x000000000b689000 	/System/Library/Frameworks/Accelerate.framework/Versions/A/Frameworks/vecLib.framework/Versions/A/vecLib
0x000000000b689000 	/System/Library/Frameworks/Accelerate.framework/Versions/A/Frameworks/vecLib.framework/Versions/A/libvDSP.dylib
0x000000000b689000 	/System/Library/Frameworks/Accelerate.framework/Versions/A/Frameworks/vecLib.framework/Versions/A/libvMisc.dylib
0x000000000b689000 	/System/Library/Frameworks/Accelerate.framework/Versions/A/Frameworks/vecLib.framework/Versions/A/libLAPACK.dylib
0x000000000b689000 	/System/Library/Frameworks/Accelerate.framework/Versions/A/Frameworks/vecLib.framework/Versions/A/libBLAS.dylib
0x000000000b689000 	/System/Library/Frameworks/Accelerate.framework/Versions/A/Frameworks/vecLib.framework/Versions/A/libLinearAlgebra.dylib
0x000000000b689000 	/System/Library/Frameworks/ApplicationServices.framework/Versions/A/Frameworks/ATS.framework/Versions/A/Resources/libFontParser.dylib
0x000000000b689000 	/System/Library/Frameworks/ApplicationServices.framework/Versions/A/Frameworks/ATS.framework/Versions/A/Resources/libFontRegistry.dylib
0x000000000b689000 	/System/Library/PrivateFrameworks/AppleVPA.framework/Versions/A/AppleVPA
0x000000000b689000 	/System/Library/PrivateFrameworks/AppleJPEG.framework/Versions/A/AppleJPEG
0x000000000b689000 	/System/Library/Frameworks/ImageIO.framework/Versions/A/Resources/libJPEG.dylib
0x000000000b689000 	/System/Library/Frameworks/ImageIO.framework/Versions/A/Resources/libTIFF.dylib
0x000000000b689000 	/System/Library/Frameworks/ImageIO.framework/Versions/A/Resources/libPng.dylib
0x000000000b689000 	/System/Library/Frameworks/ImageIO.framework/Versions/A/Resources/libGIF.dylib
0x000000000b689000 	/System/Library/Frameworks/ImageIO.framework/Versions/A/Resources/libJP2.dylib
0x000000000b689000 	/System/Library/Frameworks/ImageIO.framework/Versions/A/Resources/libRadiance.dylib
0x000000000b689000 	/System/Library/Frameworks/CoreVideo.framework/Versions/A/CoreVideo
0x000000000b689000 	/System/Library/Frameworks/OpenGL.framework/Versions/A/Libraries/libGLU.dylib
0x000000000b689000 	/System/Library/Frameworks/OpenGL.framework/Versions/A/Libraries/libGFXShared.dylib
0x000000000b689000 	/System/Library/Frameworks/OpenGL.framework/Versions/A/Libraries/libGL.dylib
0x000000000b689000 	/System/Library/Frameworks/OpenGL.framework/Versions/A/Libraries/libGLImage.dylib
0x000000000b689000 	/System/Library/Frameworks/OpenGL.framework/Versions/A/Libraries/libCVMSPluginSupport.dylib
0x000000000b689000 	/System/Library/Frameworks/OpenGL.framework/Versions/A/Libraries/libCoreVMClient.dylib
0x000000000b689000 	/usr/lib/libcups.2.dylib
0x000000000b689000 	/System/Library/Frameworks/Kerberos.framework/Versions/A/Kerberos
0x000000000b689000 	/System/Library/Frameworks/GSS.framework/Versions/A/GSS
0x000000000b689000 	/usr/lib/libresolv.9.dylib
0x000000000b689000 	/usr/lib/libiconv.2.dylib
0x000000000b689000 	/System/Library/PrivateFrameworks/Heimdal.framework/Versions/A/Heimdal
0x000000000b689000 	/usr/lib/libheimdal-asn1.dylib
0x000000000b689000 	/System/Library/Frameworks/OpenDirectory.framework/Versions/A/OpenDirectory
0x000000000b689000 	/System/Library/PrivateFrameworks/CommonAuth.framework/Versions/A/CommonAuth
0x000000000b689000 	/System/Library/Frameworks/OpenDirectory.framework/Versions/A/Frameworks/CFOpenDirectory.framework/Versions/A/CFOpenDirectory
0x000000000b689000 	/System/Library/Frameworks/SecurityFoundation.framework/Versions/A/SecurityFoundation
0x000000000b689000 	/System/Library/PrivateFrameworks/LanguageModeling.framework/Versions/A/LanguageModeling
0x000000000b689000 	/usr/lib/libcmph.dylib
0x000000000b689000 	/System/Library/Frameworks/ServiceManagement.framework/Versions/A/ServiceManagement
0x000000000b689000 	/usr/lib/libxslt.1.dylib
0x000000000b689000 	/System/Library/Frameworks/Carbon.framework/Versions/A/Frameworks/Ink.framework/Versions/A/Ink
0x000000000b689000 	/System/Library/Frameworks/QuartzCore.framework/Versions/A/Frameworks/CoreImage.framework/Versions/A/CoreImage
0x000000000b689000 	/System/Library/PrivateFrameworks/CrashReporterSupport.framework/Versions/A/CrashReporterSupport
0x000000000b689000 	/System/Library/Frameworks/OpenCL.framework/Versions/A/OpenCL
0x000000000b689000 	/System/Library/PrivateFrameworks/FaceCore.framework/Versions/A/FaceCore
0x000000000b689000 	/System/Library/PrivateFrameworks/Ubiquity.framework/Versions/A/Ubiquity
0x000000000b689000 	/System/Library/PrivateFrameworks/IconServices.framework/Versions/A/IconServices
0x000000000b689000 	/System/Library/PrivateFrameworks/ChunkingLibrary.framework/Versions/A/ChunkingLibrary
0x000000000b689000 	/System/Library/PrivateFrameworks/Apple80211.framework/Versions/A/Apple80211
0x000000000b689000 	/System/Library/Frameworks/CoreWLAN.framework/Versions/A/CoreWLAN
0x000000000b689000 	/System/Library/Frameworks/IOBluetooth.framework/Versions/A/IOBluetooth
0x000000000b689000 	/System/Library/PrivateFrameworks/CoreWiFi.framework/Versions/A/CoreWiFi
0x000000000b689000 	/System/Library/Frameworks/CoreBluetooth.framework/Versions/A/CoreBluetooth
0x000000000b689000 	/System/Library/PrivateFrameworks/DebugSymbols.framework/Versions/A/DebugSymbols
0x000000000b689000 	/System/Library/PrivateFrameworks/CoreSymbolication.framework/Versions/A/CoreSymbolication
0x000000000b689000 	/System/Library/PrivateFrameworks/Symbolication.framework/Versions/A/Symbolication
0x000000000b689000 	/System/Library/PrivateFrameworks/SpeechRecognitionCore.framework/Versions/A/SpeechRecognitionCore
0x000000010ce00000 	/Library/Java/JavaVirtualMachines/jdk1.7.0_60.jdk/Contents/Home/jre/lib/server/libjvm.dylib
0x000000000b689000 	/usr/lib/libstdc++.6.dylib
0x000000010c5df000 	/Library/Java/JavaVirtualMachines/jdk1.7.0_60.jdk/Contents/Home/jre/lib/libverify.dylib
0x000000010d962000 	/Library/Java/JavaVirtualMachines/jdk1.7.0_60.jdk/Contents/Home/jre/lib/libjava.dylib
0x000000010c5f6000 	/Library/Java/JavaVirtualMachines/jdk1.7.0_60.jdk/Contents/Home/jre/lib/libzip.dylib
0x00000001171ff000 	/System/Library/Frameworks/JavaVM.framework/Frameworks/JavaRuntimeSupport.framework/JavaRuntimeSupport
0x0000000117217000 	/System/Library/Frameworks/JavaVM.framework/Versions/A/Frameworks/JavaNativeFoundation.framework/Versions/A/JavaNativeFoundation
0x000000011722c000 	/System/Library/Frameworks/JavaVM.framework/Versions/A/JavaVM
0x000000000b689000 	/System/Library/Frameworks/Carbon.framework/Versions/A/Carbon
0x0000000117239000 	/System/Library/PrivateFrameworks/JavaLaunching.framework/Versions/A/JavaLaunching
0x000000000b689000 	/System/Library/Frameworks/Carbon.framework/Versions/A/Frameworks/CommonPanels.framework/Versions/A/CommonPanels
0x000000000b689000 	/System/Library/Frameworks/Carbon.framework/Versions/A/Frameworks/Help.framework/Versions/A/Help
0x000000000b689000 	/System/Library/Frameworks/Carbon.framework/Versions/A/Frameworks/ImageCapture.framework/Versions/A/ImageCapture
0x000000000b689000 	/System/Library/Frameworks/Carbon.framework/Versions/A/Frameworks/OpenScripting.framework/Versions/A/OpenScripting
0x000000000b689000 	/System/Library/Frameworks/Carbon.framework/Versions/A/Frameworks/Print.framework/Versions/A/Print
0x000000000b689000 	/System/Library/Frameworks/Carbon.framework/Versions/A/Frameworks/SecurityHI.framework/Versions/A/SecurityHI
0x0000000118ff9000 	/Library/Java/JavaVirtualMachines/jdk1.7.0_60.jdk/Contents/Home/jre/lib/libawt.dylib
0x00000001190a8000 	/Library/Java/JavaVirtualMachines/jdk1.7.0_60.jdk/Contents/Home/jre/lib/./libmlib_image.dylib
0x0000000119174000 	/Library/Java/JavaVirtualMachines/jdk1.7.0_60.jdk/Contents/Home/jre/lib/lwawt/liblwawt.dylib
0x0000000119228000 	/Library/Java/JavaVirtualMachines/jdk1.7.0_60.jdk/Contents/Home/jre/lib/libosxapp.dylib
0x000000000b689000 	/System/Library/Frameworks/ExceptionHandling.framework/Versions/A/ExceptionHandling
0x000000000b689000 	/System/Library/PrivateFrameworks/CoreServicesInternal.framework/Versions/A/CoreServicesInternal
0x000000000b689000 	/System/Library/PrivateFrameworks/CloudDocs.framework/Versions/A/CloudDocs
0x000000000b689000 	/System/Library/PrivateFrameworks/CoreDuet.framework/Versions/A/CoreDuet
0x000000000b689000 	/System/Library/Frameworks/CloudKit.framework/Versions/A/CloudKit
0x000000000b689000 	/System/Library/PrivateFrameworks/ProtocolBuffer.framework/Versions/A/ProtocolBuffer
0x000000000b689000 	/System/Library/PrivateFrameworks/CoreDuetDaemonProtocol.framework/Versions/A/CoreDuetDaemonProtocol
0x000000000b689000 	/System/Library/PrivateFrameworks/CoreDuetDebugLogging.framework/Versions/A/CoreDuetDebugLogging
0x000000000b689000 	/System/Library/Frameworks/CoreLocation.framework/Versions/A/CoreLocation
0x000000000b689000 	/System/Library/Frameworks/Accounts.framework/Versions/A/Accounts
0x000000000b689000 	/System/Library/PrivateFrameworks/ApplePushService.framework/Versions/A/ApplePushService
0x000000000b689000 	/System/Library/PrivateFrameworks/GeoServices.framework/Versions/A/GeoServices
0x000000000b689000 	/System/Library/PrivateFrameworks/OAuth.framework/Versions/A/OAuth
0x000000000b689000 	/System/Library/PrivateFrameworks/CoreDaemon.framework/Versions/B/CoreDaemon
0x000000000b689000 	/usr/lib/libcrypto.0.9.8.dylib
0x000000000b689000 	/System/Library/PrivateFrameworks/AppleSRP.framework/Versions/A/AppleSRP
0x000000000b689000 	/System/Library/PrivateFrameworks/TrustEvaluationAgent.framework/Versions/A/TrustEvaluationAgent
0x000000000b689000 	/System/Library/Frameworks/CoreGraphics.framework/Versions/A/Resources/libCGCMS.A.dylib
0x000000000b689000 	/System/Library/Frameworks/CoreGraphics.framework/Versions/A/Resources/libRIP.A.dylib
0x000000000b689000 	/System/Library/Frameworks/CoreGraphics.framework/Versions/A/Resources/libCGXType.A.dylib
0x000000000b689000 	/System/Library/Frameworks/OpenCL.framework/Versions/A/Libraries/libcldcpuengine.dylib
0x000000000b689000 	/System/Library/PrivateFrameworks/DiskImages.framework/Versions/A/DiskImages
0x000000000b689000 	/System/Library/Frameworks/DiscRecording.framework/Versions/A/DiscRecording
0x000000000b689000 	/usr/lib/libcsfde.dylib
0x000000000b689000 	/usr/lib/libcurl.4.dylib
0x000000000b689000 	/System/Library/PrivateFrameworks/MediaKit.framework/Versions/A/MediaKit
0x000000000b689000 	/System/Library/PrivateFrameworks/ProtectedCloudStorage.framework/Versions/A/ProtectedCloudStorage
0x000000000b689000 	/usr/lib/libCoreStorage.dylib
0x000000000b689000 	/System/Library/PrivateFrameworks/EFILogin.framework/Versions/A/EFILogin
0x000000000b689000 	/usr/lib/libutil.dylib
0x000000000b689000 	/System/Library/PrivateFrameworks/FindMyDevice.framework/Versions/A/FindMyDevice
0x000000000b689000 	/System/Library/Frameworks/LDAP.framework/Versions/A/LDAP
0x000000000b689000 	/usr/lib/libsasl2.2.dylib
0x000000011c25e000 	cl_kernels
0x000000011c260000 	/System/Library/Frameworks/OpenCL.framework/Versions/A/Libraries/ImageFormats/unorm8_bgra.dylib
0x000000011c24f000 	cl_kernels
0x000000000b689000 	/System/Library/PrivateFrameworks/FamilyControls.framework/Versions/A/FamilyControls
0x000000000b689000 	/System/Library/PrivateFrameworks/CommerceKit.framework/Versions/A/Frameworks/CommerceCore.framework/Versions/A/CommerceCore
0x000000000b689000 	/System/Library/PrivateFrameworks/SystemAdministration.framework/Versions/A/SystemAdministration
0x000000000b689000 	/System/Library/PrivateFrameworks/AppContainer.framework/Versions/A/AppContainer
0x000000000b689000 	/System/Library/PrivateFrameworks/SecCodeWrapper.framework/Versions/A/SecCodeWrapper
0x000000000b689000 	/System/Library/Frameworks/DirectoryService.framework/Versions/A/DirectoryService
0x000000000b689000 	/System/Library/PrivateFrameworks/LoginUIKit.framework/Versions/A/Frameworks/LoginUICore.framework/Versions/A/LoginUICore
0x000000000b689000 	/usr/lib/libodfde.dylib
0x000000011d49b000 	/Library/Java/JavaVirtualMachines/jdk1.7.0_60.jdk/Contents/Home/jre/lib/libfontmanager.dylib
0x000000000b689000 	/System/Library/Frameworks/OpenGL.framework/Versions/A/Resources/GLEngine.bundle/GLEngine
0x000000000b689000 	/System/Library/Frameworks/OpenGL.framework/Versions/A/Libraries/libGLProgrammability.dylib
0x0000000000000000 	/System/Library/Extensions/AppleIntelHD4000GraphicsGLDriver.bundle/Contents/MacOS/AppleIntelHD4000GraphicsGLDriver
0x000000000b689000 	/System/Library/PrivateFrameworks/IOAccelerator.framework/Versions/A/IOAccelerator
0x000000000b689000 	/System/Library/PrivateFrameworks/GPUSupport.framework/Versions/A/Libraries/libGPUSupportMercury.dylib
0x000000000b689000 	/System/Library/Frameworks/OpenGL.framework/Versions/A/Resources/GLRendererFloat.bundle/GLRendererFloat
0x000000011e43a000 	/Library/Java/JavaVirtualMachines/jdk1.7.0_60.jdk/Contents/Home/jre/lib/libnet.dylib
0x000000011e497000 	/Library/Java/JavaVirtualMachines/jdk1.7.0_60.jdk/Contents/Home/jre/lib/libnio.dylib
0x000000011e4a7000 	/private/var/folders/r7/mf4w5t594k16z6c5h_cmz_sr0000gp/T/jogamp_0000/file_cache/jln500882205993290161/jln8545795490384313750/natives/macosx-universal/libgluegen-rt.jnilib
0x000000011e4ac000 	/private/var/folders/r7/mf4w5t594k16z6c5h_cmz_sr0000gp/T/jogamp_0000/file_cache/jln500882205993290161/jln8545795490384313750/natives/macosx-universal/libnativewindow_awt.jnilib
0x000000011e4af000 	/Library/Java/JavaVirtualMachines/jdk1.7.0_60.jdk/Contents/Home/jre/lib/libjawt.dylib
0x000000011e5b5000 	/private/var/folders/r7/mf4w5t594k16z6c5h_cmz_sr0000gp/T/jogamp_0000/file_cache/jln500882205993290161/jln8545795490384313750/natives/macosx-universal/libnativewindow_macosx.jnilib
0x000000011e5bf000 	/private/var/folders/r7/mf4w5t594k16z6c5h_cmz_sr0000gp/T/jogamp_0000/file_cache/jln500882205993290161/jln8545795490384313750/natives/macosx-universal/libnewt.jnilib
0x000000011ebcb000 	/private/var/folders/r7/mf4w5t594k16z6c5h_cmz_sr0000gp/T/jogamp_0000/file_cache/jln500882205993290161/jln8545795490384313750/natives/macosx-universal/libjogl_desktop.jnilib
0x000000011ec9f000 	/private/var/folders/r7/mf4w5t594k16z6c5h_cmz_sr0000gp/T/jogamp_0000/file_cache/jln500882205993290161/jln8545795490384313750/natives/macosx-universal/libjogl_mobile.jnilib

VM Arguments:
jvm_args: -Dfile.encoding=UTF-8 
java_command: executable.Executable
Launcher Type: SUN_STANDARD

Environment Variables:
PATH=/usr/bin:/bin:/usr/sbin:/sbin
SHELL=/bin/bash

Signal Handlers:
SIGSEGV: [libjvm.dylib+0x52b7b1], sa_mask[0]=0xfffefeff, sa_flags=0x00000043
SIGBUS: [libjvm.dylib+0x52b7b1], sa_mask[0]=0xfffefeff, sa_flags=0x00000042
SIGFPE: [libjvm.dylib+0x41e28a], sa_mask[0]=0xfffefeff, sa_flags=0x00000042
SIGPIPE: [libjvm.dylib+0x41e28a], sa_mask[0]=0xfffefeff, sa_flags=0x00000042
SIGXFSZ: [libjvm.dylib+0x41e28a], sa_mask[0]=0xfffefeff, sa_flags=0x00000042
SIGILL: [libjvm.dylib+0x41e28a], sa_mask[0]=0xfffefeff, sa_flags=0x00000042
SIGUSR1: SIG_DFL, sa_mask[0]=0x00000000, sa_flags=0x00000000
SIGUSR2: [libjvm.dylib+0x41dd7c], sa_mask[0]=0x00000004, sa_flags=0x00000042
SIGHUP: [libjvm.dylib+0x41c00b], sa_mask[0]=0xfffefeff, sa_flags=0x00000042
SIGINT: [libjvm.dylib+0x41c00b], sa_mask[0]=0xfffefeff, sa_flags=0x00000042
SIGTERM: [libjvm.dylib+0x41c00b], sa_mask[0]=0xfffefeff, sa_flags=0x00000042
SIGQUIT: [libjvm.dylib+0x41c00b], sa_mask[0]=0xfffefeff, sa_flags=0x00000042


---------------  S Y S T E M  ---------------

OS:Bsduname:Darwin 14.1.0 Darwin Kernel Version 14.1.0: Mon Dec 22 23:10:38 PST 2014; root:xnu-2782.10.72~2/RELEASE_X86_64 x86_64
rlimit: STACK 8192k, CORE 0k, NPROC 709, NOFILE 10240, AS infinity
load average:2.19 1.99 1.78

CPU:total 4 (2 cores per cpu, 2 threads per core) family 6 model 58 stepping 9, cmov, cx8, fxsr, mmx, sse, sse2, sse3, ssse3, sse4.1, sse4.2, popcnt, avx, aes, erms, ht, tsc, tscinvbit, tscinv

Memory: 4k page, physical 8388608k(2097152k free)

/proc/meminfo:


vm_info: Java HotSpot(TM) 64-Bit Server VM (24.60-b09) for bsd-amd64 JRE (1.7.0_60-b19), built on May  7 2014 12:52:25 by "java_re" with gcc 4.2.1 (Based on Apple Inc. build 5658) (LLVM build 2336.11.00)

time: Sun Nov 20 22:05:10 2016
elapsed time: 7 seconds

